This is pdfTeX, Version 3.141592653-2.6-1.40.25 (MiKTeX 23.4) (preloaded format=pdflatex 2023.11.20)  11 JAN 2024 18:19
entering extended mode
 restricted \write18 enabled.
 %&-line parsing enabled.
**./Masterarbeit.tex
(Masterarbeit.tex
LaTeX2e <2022-11-01> patch level 1
L3 programming layer <2023-03-30>
(C:\2_Programme\Office\latex\miktex\tex/latex/koma-script\scrreprt.cls
Document Class: scrreprt 2023/04/24 v3.40 KOMA-Script document class (report)
(C:\2_Programme\Office\latex\miktex\tex/latex/koma-script\scrkbase.sty
Package: scrkbase 2023/04/24 v3.40 KOMA-Script package (KOMA-Script-dependent b
asics and keyval usage)

(C:\2_Programme\Office\latex\miktex\tex/latex/koma-script\scrbase.sty
Package: scrbase 2023/04/24 v3.40 KOMA-Script package (KOMA-Script-independent 
basics and keyval usage)

(C:\2_Programme\Office\latex\miktex\tex/latex/koma-script\scrlfile.sty
Package: scrlfile 2023/04/24 v3.40 KOMA-Script package (file load hooks)

(C:\2_Programme\Office\latex\miktex\tex/latex/koma-script\scrlfile-hook.sty
Package: scrlfile-hook 2023/04/24 v3.40 KOMA-Script package (using LaTeX hooks)


(C:\2_Programme\Office\latex\miktex\tex/latex/koma-script\scrlogo.sty
Package: scrlogo 2023/04/24 v3.40 KOMA-Script package (logo)
)))
(C:\2_Programme\Office\latex\miktex\tex/latex/graphics\keyval.sty
Package: keyval 2022/05/29 v1.15 key=value parser (DPC)
\KV@toks@=\toks16
)
Applying: [2021/05/01] Usage of raw or classic option list on input line 252.
Already applied: [0000/00/00] Usage of raw or classic option list on input line
 368.
))
(C:\2_Programme\Office\latex\miktex\tex/latex/koma-script\tocbasic.sty
Package: tocbasic 2023/04/24 v3.40 KOMA-Script package (handling toc-files)
\scr@dte@tocline@numberwidth=\skip48
\scr@dte@tocline@numbox=\box51
)
Package tocbasic Info: omitting babel extension for `toc'
(tocbasic)             because of feature `nobabel' available
(tocbasic)             for `toc' on input line 135.
Class scrreprt Info: File `scrsize12pt.clo' used to setup font sizes on input l
ine 2668.

(C:\2_Programme\Office\latex\miktex\tex/latex/koma-script\scrsize12pt.clo
File: scrsize12pt.clo 2023/04/24 v3.40 KOMA-Script font size class option (12pt
)
)
(C:\2_Programme\Office\latex\miktex\tex/latex/koma-script\typearea.sty
Package: typearea 2023/04/24 v3.40 KOMA-Script package (type area)
\ta@bcor=\skip49
\ta@div=\count185
\ta@hblk=\skip50
\ta@vblk=\skip51
\ta@temp=\skip52
\footheight=\skip53
Package typearea Info: These are the values describing the layout:
(typearea)             DIV  = 12
(typearea)             BCOR = 0.0pt
(typearea)             \paperwidth      = 597.50793pt
(typearea)              \textwidth      = 448.13095pt
(typearea)              DIV departure   = -6%
(typearea)              \evensidemargin = 2.4185pt
(typearea)              \oddsidemargin  = 2.4185pt
(typearea)             \paperheight     = 845.04694pt
(typearea)              \textheight     = 635.5pt
(typearea)              \topmargin      = -41.72441pt
(typearea)              \headheight     = 18.125pt
(typearea)              \headsep        = 21.75pt
(typearea)              \topskip        = 12.0pt
(typearea)              \footskip       = 50.75pt
(typearea)              \baselineskip   = 14.5pt
(typearea)              on input line 1798.
)
\c@part=\count186
\c@chapter=\count187
\c@section=\count188
\c@subsection=\count189
\c@subsubsection=\count190
\c@paragraph=\count191
\c@subparagraph=\count192
\scr@dte@chapter@maxnumwidth=\skip54
Class scrreprt Info: using compatibility default `afterindent=bysign'
(scrreprt)           for `\chapter on input line 5961.
\scr@dte@section@maxnumwidth=\skip55
Class scrreprt Info: using compatibility default `runin=bysign'
(scrreprt)           for `\section on input line 5972.
Class scrreprt Info: using compatibility default `afterindent=bysign'
(scrreprt)           for `\section on input line 5972.
\scr@dte@part@maxnumwidth=\skip56
Class scrreprt Info: using compatibility default `afterindent=true'
(scrreprt)           for `\part on input line 5981.
\scr@dte@subsection@maxnumwidth=\skip57
Class scrreprt Info: using compatibility default `runin=bysign'
(scrreprt)           for `\subsection on input line 5991.
Class scrreprt Info: using compatibility default `afterindent=bysign'
(scrreprt)           for `\subsection on input line 5991.
\scr@dte@subsubsection@maxnumwidth=\skip58
Class scrreprt Info: using compatibility default `runin=bysign'
(scrreprt)           for `\subsubsection on input line 6001.
Class scrreprt Info: using compatibility default `afterindent=bysign'
(scrreprt)           for `\subsubsection on input line 6001.
\scr@dte@paragraph@maxnumwidth=\skip59
Class scrreprt Info: using compatibility default `runin=bysign'
(scrreprt)           for `\paragraph on input line 6012.
Class scrreprt Info: using compatibility default `afterindent=bysign'
(scrreprt)           for `\paragraph on input line 6012.
\scr@dte@subparagraph@maxnumwidth=\skip60
Class scrreprt Info: using compatibility default `runin=bysign'
(scrreprt)           for `\subparagraph on input line 6022.
Class scrreprt Info: using compatibility default `afterindent=bysign'
(scrreprt)           for `\subparagraph on input line 6022.
\abovecaptionskip=\skip61
\belowcaptionskip=\skip62
\c@pti@nb@sid@b@x=\box52
Package tocbasic Info: omitting babel extension for `lof'
(tocbasic)             because of feature `nobabel' available
(tocbasic)             for `lof' on input line 7199.
\scr@dte@figure@maxnumwidth=\skip63
\c@figure=\count193
Package tocbasic Info: omitting babel extension for `lot'
(tocbasic)             because of feature `nobabel' available
(tocbasic)             for `lot' on input line 7216.
\scr@dte@table@maxnumwidth=\skip64
\c@table=\count194
Class scrreprt Info: Redefining `\numberline' on input line 7387.
\bibindent=\dimen140
)
(C:\2_Programme\Office\latex\miktex\tex/latex/lm\lmodern.sty
Package: lmodern 2015/05/01 v1.6.1 Latin Modern Fonts
LaTeX Font Info:    Overwriting symbol font `operators' in version `normal'
(Font)                  OT1/cmr/m/n --> OT1/lmr/m/n on input line 22.
LaTeX Font Info:    Overwriting symbol font `letters' in version `normal'
(Font)                  OML/cmm/m/it --> OML/lmm/m/it on input line 23.
LaTeX Font Info:    Overwriting symbol font `symbols' in version `normal'
(Font)                  OMS/cmsy/m/n --> OMS/lmsy/m/n on input line 24.
LaTeX Font Info:    Overwriting symbol font `largesymbols' in version `normal'
(Font)                  OMX/cmex/m/n --> OMX/lmex/m/n on input line 25.
LaTeX Font Info:    Overwriting symbol font `operators' in version `bold'
(Font)                  OT1/cmr/bx/n --> OT1/lmr/bx/n on input line 26.
LaTeX Font Info:    Overwriting symbol font `letters' in version `bold'
(Font)                  OML/cmm/b/it --> OML/lmm/b/it on input line 27.
LaTeX Font Info:    Overwriting symbol font `symbols' in version `bold'
(Font)                  OMS/cmsy/b/n --> OMS/lmsy/b/n on input line 28.
LaTeX Font Info:    Overwriting symbol font `largesymbols' in version `bold'
(Font)                  OMX/cmex/m/n --> OMX/lmex/m/n on input line 29.
LaTeX Font Info:    Overwriting math alphabet `\mathbf' in version `normal'
(Font)                  OT1/cmr/bx/n --> OT1/lmr/bx/n on input line 31.
LaTeX Font Info:    Overwriting math alphabet `\mathsf' in version `normal'
(Font)                  OT1/cmss/m/n --> OT1/lmss/m/n on input line 32.
LaTeX Font Info:    Overwriting math alphabet `\mathit' in version `normal'
(Font)                  OT1/cmr/m/it --> OT1/lmr/m/it on input line 33.
LaTeX Font Info:    Overwriting math alphabet `\mathtt' in version `normal'
(Font)                  OT1/cmtt/m/n --> OT1/lmtt/m/n on input line 34.
LaTeX Font Info:    Overwriting math alphabet `\mathbf' in version `bold'
(Font)                  OT1/cmr/bx/n --> OT1/lmr/bx/n on input line 35.
LaTeX Font Info:    Overwriting math alphabet `\mathsf' in version `bold'
(Font)                  OT1/cmss/bx/n --> OT1/lmss/bx/n on input line 36.
LaTeX Font Info:    Overwriting math alphabet `\mathit' in version `bold'
(Font)                  OT1/cmr/bx/it --> OT1/lmr/bx/it on input line 37.
LaTeX Font Info:    Overwriting math alphabet `\mathtt' in version `bold'
(Font)                  OT1/cmtt/m/n --> OT1/lmtt/m/n on input line 38.
)
(C:\2_Programme\Office\latex\miktex\tex/latex/base\fontenc.sty
Package: fontenc 2021/04/29 v2.0v Standard LaTeX package
LaTeX Font Info:    Trying to load font information for T1+lmr on input line 11
2.

(C:\2_Programme\Office\latex\miktex\tex/latex/lm\t1lmr.fd
File: t1lmr.fd 2015/05/01 v1.6.1 Font defs for Latin Modern
))
(C:\2_Programme\Office\latex\miktex\tex/latex/base\inputenc.sty
Package: inputenc 2021/02/14 v1.3d Input encoding file
\inpenc@prehook=\toks17
\inpenc@posthook=\toks18
)
(C:\2_Programme\Office\latex\miktex\tex/generic/babel\babel.sty
Package: babel 2023/03/28 3.87 The Babel package
\babel@savecnt=\count195
\U@D=\dimen141
\l@unhyphenated=\language79

(C:\2_Programme\Office\latex\miktex\tex/generic/babel\txtbabel.def)
\bbl@readstream=\read2
\bbl@dirlevel=\count196

*************************************
* Local config file bblopts.cfg used
*
(C:\2_Programme\Office\latex\miktex\tex/latex/arabi\bblopts.cfg
File: bblopts.cfg 2005/09/08 v0.1 add Arabic and Farsi to "declared" options of
 babel
)
(C:\2_Programme\Office\latex\miktex\tex/latex/babel-german\german.ldf
Language: german 2021/02/27 v2.13 German support for babel (pre-1996 orthograph
y)

(C:\2_Programme\Office\latex\miktex\tex/latex/babel-german\germanb.ldf
Language: germanb 2021/02/27 v2.13 German support for babel (pre-1996 orthograp
hy)
Package babel Info: Making " an active character on input line 139.
)))
(C:\2_Programme\Office\latex\miktex\tex/generic/babel/locale/de\babel-german.te
x
Package babel Info: Importing font and identification data for german
(babel)             from babel-de-1901.ini. Reported on input line 25.
) (C:\2_Programme\Office\latex\miktex\tex/latex/microtype\microtype.sty
Package: microtype 2023/03/13 v3.1a Micro-typographical refinements (RS)

(C:\2_Programme\Office\latex\miktex\tex/latex/etoolbox\etoolbox.sty
Package: etoolbox 2020/10/05 v2.5k e-TeX tools for LaTeX (JAW)
\etb@tempcnta=\count197
)
\MT@toks=\toks19
\MT@tempbox=\box53
\MT@count=\count198
LaTeX Info: Redefining \noprotrusionifhmode on input line 1059.
LaTeX Info: Redefining \leftprotrusion on input line 1060.
\MT@prot@toks=\toks20
LaTeX Info: Redefining \rightprotrusion on input line 1078.
LaTeX Info: Redefining \textls on input line 1368.
\MT@outer@kern=\dimen142
LaTeX Info: Redefining \textmicrotypecontext on input line 1988.
\MT@listname@count=\count199

(C:\2_Programme\Office\latex\miktex\tex/latex/microtype\microtype-pdftex.def
File: microtype-pdftex.def 2023/03/13 v3.1a Definitions specific to pdftex (RS)

LaTeX Info: Redefining \lsstyle on input line 902.
LaTeX Info: Redefining \lslig on input line 902.
\MT@outer@space=\skip65
)
Package microtype Info: Loading configuration file microtype.cfg.

(C:\2_Programme\Office\latex\miktex\tex/latex/microtype\microtype.cfg
File: microtype.cfg 2023/03/13 v3.1a microtype main configuration file (RS)
))
(C:\2_Programme\Office\latex\miktex\tex/latex/graphics\graphicx.sty
Package: graphicx 2021/09/16 v1.2d Enhanced LaTeX Graphics (DPC,SPQR)

(C:\2_Programme\Office\latex\miktex\tex/latex/graphics\graphics.sty
Package: graphics 2022/03/10 v1.4e Standard LaTeX Graphics (DPC,SPQR)

(C:\2_Programme\Office\latex\miktex\tex/latex/graphics\trig.sty
Package: trig 2021/08/11 v1.11 sin cos tan (DPC)
)
(C:\2_Programme\Office\latex\miktex\tex/latex/graphics-cfg\graphics.cfg
File: graphics.cfg 2016/06/04 v1.11 sample graphics configuration
)
Package graphics Info: Driver file: pdftex.def on input line 107.

(C:\2_Programme\Office\latex\miktex\tex/latex/graphics-def\pdftex.def
File: pdftex.def 2022/09/22 v1.2b Graphics/color driver for pdftex
))
\Gin@req@height=\dimen143
\Gin@req@width=\dimen144
)
(C:\2_Programme\Office\latex\miktex\tex/latex/amsmath\amsmath.sty
Package: amsmath 2022/04/08 v2.17n AMS math features
\@mathmargin=\skip66

For additional information on amsmath, use the `?' option.
(C:\2_Programme\Office\latex\miktex\tex/latex/amsmath\amstext.sty
Package: amstext 2021/08/26 v2.01 AMS text

(C:\2_Programme\Office\latex\miktex\tex/latex/amsmath\amsgen.sty
File: amsgen.sty 1999/11/30 v2.0 generic functions
\@emptytoks=\toks21
\ex@=\dimen145
))
(C:\2_Programme\Office\latex\miktex\tex/latex/amsmath\amsbsy.sty
Package: amsbsy 1999/11/29 v1.2d Bold Symbols
\pmbraise@=\dimen146
)
(C:\2_Programme\Office\latex\miktex\tex/latex/amsmath\amsopn.sty
Package: amsopn 2022/04/08 v2.04 operator names
)
\inf@bad=\count266
LaTeX Info: Redefining \frac on input line 234.
\uproot@=\count267
\leftroot@=\count268
LaTeX Info: Redefining \overline on input line 399.
LaTeX Info: Redefining \colon on input line 410.
\classnum@=\count269
\DOTSCASE@=\count270
LaTeX Info: Redefining \ldots on input line 496.
LaTeX Info: Redefining \dots on input line 499.
LaTeX Info: Redefining \cdots on input line 620.
\Mathstrutbox@=\box54
\strutbox@=\box55
LaTeX Info: Redefining \big on input line 722.
LaTeX Info: Redefining \Big on input line 723.
LaTeX Info: Redefining \bigg on input line 724.
LaTeX Info: Redefining \Bigg on input line 725.
\big@size=\dimen147
LaTeX Font Info:    Redeclaring font encoding OML on input line 743.
LaTeX Font Info:    Redeclaring font encoding OMS on input line 744.
\macc@depth=\count271
LaTeX Info: Redefining \bmod on input line 905.
LaTeX Info: Redefining \pmod on input line 910.
LaTeX Info: Redefining \smash on input line 940.
LaTeX Info: Redefining \relbar on input line 970.
LaTeX Info: Redefining \Relbar on input line 971.
\c@MaxMatrixCols=\count272
\dotsspace@=\muskip16
\c@parentequation=\count273
\dspbrk@lvl=\count274
\tag@help=\toks22
\row@=\count275
\column@=\count276
\maxfields@=\count277
\andhelp@=\toks23
\eqnshift@=\dimen148
\alignsep@=\dimen149
\tagshift@=\dimen150
\tagwidth@=\dimen151
\totwidth@=\dimen152
\lineht@=\dimen153
\@envbody=\toks24
\multlinegap=\skip67
\multlinetaggap=\skip68
\mathdisplay@stack=\toks25
LaTeX Info: Redefining \[ on input line 2953.
LaTeX Info: Redefining \] on input line 2954.
)
(C:\2_Programme\Office\latex\miktex\tex/latex/pgf/frontendlayer\tikz.sty
(C:\2_Programme\Office\latex\miktex\tex/latex/pgf/basiclayer\pgf.sty
(C:\2_Programme\Office\latex\miktex\tex/latex/pgf/utilities\pgfrcs.sty
(C:\2_Programme\Office\latex\miktex\tex/generic/pgf/utilities\pgfutil-common.te
x
\pgfutil@everybye=\toks26
\pgfutil@tempdima=\dimen154
\pgfutil@tempdimb=\dimen155
)
(C:\2_Programme\Office\latex\miktex\tex/generic/pgf/utilities\pgfutil-latex.def
\pgfutil@abb=\box56
) (C:\2_Programme\Office\latex\miktex\tex/generic/pgf/utilities\pgfrcs.code.tex
(C:\2_Programme\Office\latex\miktex\tex/generic/pgf\pgf.revision.tex)
Package: pgfrcs 2023-01-15 v3.1.10 (3.1.10)
))
Package: pgf 2023-01-15 v3.1.10 (3.1.10)

(C:\2_Programme\Office\latex\miktex\tex/latex/pgf/basiclayer\pgfcore.sty
(C:\2_Programme\Office\latex\miktex\tex/latex/pgf/systemlayer\pgfsys.sty
(C:\2_Programme\Office\latex\miktex\tex/generic/pgf/systemlayer\pgfsys.code.tex
Package: pgfsys 2023-01-15 v3.1.10 (3.1.10)
(C:\2_Programme\Office\latex\miktex\tex/generic/pgf/utilities\pgfkeys.code.tex
\pgfkeys@pathtoks=\toks27
\pgfkeys@temptoks=\toks28

(C:\2_Programme\Office\latex\miktex\tex/generic/pgf/utilities\pgfkeyslibraryfil
tered.code.tex
\pgfkeys@tmptoks=\toks29
))
\pgf@x=\dimen156
\pgf@y=\dimen157
\pgf@xa=\dimen158
\pgf@ya=\dimen159
\pgf@xb=\dimen160
\pgf@yb=\dimen161
\pgf@xc=\dimen162
\pgf@yc=\dimen163
\pgf@xd=\dimen164
\pgf@yd=\dimen165
\w@pgf@writea=\write3
\r@pgf@reada=\read3
\c@pgf@counta=\count278
\c@pgf@countb=\count279
\c@pgf@countc=\count280
\c@pgf@countd=\count281
\t@pgf@toka=\toks30
\t@pgf@tokb=\toks31
\t@pgf@tokc=\toks32
\pgf@sys@id@count=\count282

(C:\2_Programme\Office\latex\miktex\tex/generic/pgf/systemlayer\pgf.cfg
File: pgf.cfg 2023-01-15 v3.1.10 (3.1.10)
)
Driver file for pgf: pgfsys-pdftex.def

(C:\2_Programme\Office\latex\miktex\tex/generic/pgf/systemlayer\pgfsys-pdftex.d
ef
File: pgfsys-pdftex.def 2023-01-15 v3.1.10 (3.1.10)

(C:\2_Programme\Office\latex\miktex\tex/generic/pgf/systemlayer\pgfsys-common-p
df.def
File: pgfsys-common-pdf.def 2023-01-15 v3.1.10 (3.1.10)
)))
(C:\2_Programme\Office\latex\miktex\tex/generic/pgf/systemlayer\pgfsyssoftpath.
code.tex
File: pgfsyssoftpath.code.tex 2023-01-15 v3.1.10 (3.1.10)
\pgfsyssoftpath@smallbuffer@items=\count283
\pgfsyssoftpath@bigbuffer@items=\count284
)
(C:\2_Programme\Office\latex\miktex\tex/generic/pgf/systemlayer\pgfsysprotocol.
code.tex
File: pgfsysprotocol.code.tex 2023-01-15 v3.1.10 (3.1.10)
)) (C:\2_Programme\Office\latex\miktex\tex/latex/xcolor\xcolor.sty
Package: xcolor 2022/06/12 v2.14 LaTeX color extensions (UK)

(C:\2_Programme\Office\latex\miktex\tex/latex/graphics-cfg\color.cfg
File: color.cfg 2016/01/02 v1.6 sample color configuration
)
Package xcolor Info: Driver file: pdftex.def on input line 227.

(C:\2_Programme\Office\latex\miktex\tex/latex/graphics\mathcolor.ltx)
Package xcolor Info: Model `cmy' substituted by `cmy0' on input line 1353.
Package xcolor Info: Model `hsb' substituted by `rgb' on input line 1357.
Package xcolor Info: Model `RGB' extended on input line 1369.
Package xcolor Info: Model `HTML' substituted by `rgb' on input line 1371.
Package xcolor Info: Model `Hsb' substituted by `hsb' on input line 1372.
Package xcolor Info: Model `tHsb' substituted by `hsb' on input line 1373.
Package xcolor Info: Model `HSB' substituted by `hsb' on input line 1374.
Package xcolor Info: Model `Gray' substituted by `gray' on input line 1375.
Package xcolor Info: Model `wave' substituted by `hsb' on input line 1376.
)
(C:\2_Programme\Office\latex\miktex\tex/generic/pgf/basiclayer\pgfcore.code.tex
Package: pgfcore 2023-01-15 v3.1.10 (3.1.10)
(C:\2_Programme\Office\latex\miktex\tex/generic/pgf/math\pgfmath.code.tex
(C:\2_Programme\Office\latex\miktex\tex/generic/pgf/math\pgfmathutil.code.tex)
(C:\2_Programme\Office\latex\miktex\tex/generic/pgf/math\pgfmathparser.code.tex
\pgfmath@dimen=\dimen166
\pgfmath@count=\count285
\pgfmath@box=\box57
\pgfmath@toks=\toks33
\pgfmath@stack@operand=\toks34
\pgfmath@stack@operation=\toks35
)
(C:\2_Programme\Office\latex\miktex\tex/generic/pgf/math\pgfmathfunctions.code.
tex)
(C:\2_Programme\Office\latex\miktex\tex/generic/pgf/math\pgfmathfunctions.basic
.code.tex)
(C:\2_Programme\Office\latex\miktex\tex/generic/pgf/math\pgfmathfunctions.trigo
nometric.code.tex)
(C:\2_Programme\Office\latex\miktex\tex/generic/pgf/math\pgfmathfunctions.rando
m.code.tex)
(C:\2_Programme\Office\latex\miktex\tex/generic/pgf/math\pgfmathfunctions.compa
rison.code.tex)
(C:\2_Programme\Office\latex\miktex\tex/generic/pgf/math\pgfmathfunctions.base.
code.tex)
(C:\2_Programme\Office\latex\miktex\tex/generic/pgf/math\pgfmathfunctions.round
.code.tex)
(C:\2_Programme\Office\latex\miktex\tex/generic/pgf/math\pgfmathfunctions.misc.
code.tex)
(C:\2_Programme\Office\latex\miktex\tex/generic/pgf/math\pgfmathfunctions.integ
erarithmetics.code.tex)
(C:\2_Programme\Office\latex\miktex\tex/generic/pgf/math\pgfmathcalc.code.tex)
(C:\2_Programme\Office\latex\miktex\tex/generic/pgf/math\pgfmathfloat.code.tex
\c@pgfmathroundto@lastzeros=\count286
)) (C:\2_Programme\Office\latex\miktex\tex/generic/pgf/math\pgfint.code.tex)
(C:\2_Programme\Office\latex\miktex\tex/generic/pgf/basiclayer\pgfcorepoints.co
de.tex
File: pgfcorepoints.code.tex 2023-01-15 v3.1.10 (3.1.10)
\pgf@picminx=\dimen167
\pgf@picmaxx=\dimen168
\pgf@picminy=\dimen169
\pgf@picmaxy=\dimen170
\pgf@pathminx=\dimen171
\pgf@pathmaxx=\dimen172
\pgf@pathminy=\dimen173
\pgf@pathmaxy=\dimen174
\pgf@xx=\dimen175
\pgf@xy=\dimen176
\pgf@yx=\dimen177
\pgf@yy=\dimen178
\pgf@zx=\dimen179
\pgf@zy=\dimen180
)
(C:\2_Programme\Office\latex\miktex\tex/generic/pgf/basiclayer\pgfcorepathconst
ruct.code.tex
File: pgfcorepathconstruct.code.tex 2023-01-15 v3.1.10 (3.1.10)
\pgf@path@lastx=\dimen181
\pgf@path@lasty=\dimen182
)
(C:\2_Programme\Office\latex\miktex\tex/generic/pgf/basiclayer\pgfcorepathusage
.code.tex
File: pgfcorepathusage.code.tex 2023-01-15 v3.1.10 (3.1.10)
\pgf@shorten@end@additional=\dimen183
\pgf@shorten@start@additional=\dimen184
)
(C:\2_Programme\Office\latex\miktex\tex/generic/pgf/basiclayer\pgfcorescopes.co
de.tex
File: pgfcorescopes.code.tex 2023-01-15 v3.1.10 (3.1.10)
\pgfpic=\box58
\pgf@hbox=\box59
\pgf@layerbox@main=\box60
\pgf@picture@serial@count=\count287
)
(C:\2_Programme\Office\latex\miktex\tex/generic/pgf/basiclayer\pgfcoregraphicst
ate.code.tex
File: pgfcoregraphicstate.code.tex 2023-01-15 v3.1.10 (3.1.10)
\pgflinewidth=\dimen185
)
(C:\2_Programme\Office\latex\miktex\tex/generic/pgf/basiclayer\pgfcoretransform
ations.code.tex
File: pgfcoretransformations.code.tex 2023-01-15 v3.1.10 (3.1.10)
\pgf@pt@x=\dimen186
\pgf@pt@y=\dimen187
\pgf@pt@temp=\dimen188
)
(C:\2_Programme\Office\latex\miktex\tex/generic/pgf/basiclayer\pgfcorequick.cod
e.tex
File: pgfcorequick.code.tex 2023-01-15 v3.1.10 (3.1.10)
)
(C:\2_Programme\Office\latex\miktex\tex/generic/pgf/basiclayer\pgfcoreobjects.c
ode.tex
File: pgfcoreobjects.code.tex 2023-01-15 v3.1.10 (3.1.10)
)
(C:\2_Programme\Office\latex\miktex\tex/generic/pgf/basiclayer\pgfcorepathproce
ssing.code.tex
File: pgfcorepathprocessing.code.tex 2023-01-15 v3.1.10 (3.1.10)
)
(C:\2_Programme\Office\latex\miktex\tex/generic/pgf/basiclayer\pgfcorearrows.co
de.tex
File: pgfcorearrows.code.tex 2023-01-15 v3.1.10 (3.1.10)
\pgfarrowsep=\dimen189
)
(C:\2_Programme\Office\latex\miktex\tex/generic/pgf/basiclayer\pgfcoreshade.cod
e.tex
File: pgfcoreshade.code.tex 2023-01-15 v3.1.10 (3.1.10)
\pgf@max=\dimen190
\pgf@sys@shading@range@num=\count288
\pgf@shadingcount=\count289
)
(C:\2_Programme\Office\latex\miktex\tex/generic/pgf/basiclayer\pgfcoreimage.cod
e.tex
File: pgfcoreimage.code.tex 2023-01-15 v3.1.10 (3.1.10)
)
(C:\2_Programme\Office\latex\miktex\tex/generic/pgf/basiclayer\pgfcoreexternal.
code.tex
File: pgfcoreexternal.code.tex 2023-01-15 v3.1.10 (3.1.10)
\pgfexternal@startupbox=\box61
)
(C:\2_Programme\Office\latex\miktex\tex/generic/pgf/basiclayer\pgfcorelayers.co
de.tex
File: pgfcorelayers.code.tex 2023-01-15 v3.1.10 (3.1.10)
)
(C:\2_Programme\Office\latex\miktex\tex/generic/pgf/basiclayer\pgfcoretranspare
ncy.code.tex
File: pgfcoretransparency.code.tex 2023-01-15 v3.1.10 (3.1.10)
)
(C:\2_Programme\Office\latex\miktex\tex/generic/pgf/basiclayer\pgfcorepatterns.
code.tex
File: pgfcorepatterns.code.tex 2023-01-15 v3.1.10 (3.1.10)
)
(C:\2_Programme\Office\latex\miktex\tex/generic/pgf/basiclayer\pgfcorerdf.code.
tex
File: pgfcorerdf.code.tex 2023-01-15 v3.1.10 (3.1.10)
)))
(C:\2_Programme\Office\latex\miktex\tex/generic/pgf/modules\pgfmoduleshapes.cod
e.tex
File: pgfmoduleshapes.code.tex 2023-01-15 v3.1.10 (3.1.10)
\pgfnodeparttextbox=\box62
)
(C:\2_Programme\Office\latex\miktex\tex/generic/pgf/modules\pgfmoduleplot.code.
tex
File: pgfmoduleplot.code.tex 2023-01-15 v3.1.10 (3.1.10)
)
(C:\2_Programme\Office\latex\miktex\tex/latex/pgf/compatibility\pgfcomp-version
-0-65.sty
Package: pgfcomp-version-0-65 2023-01-15 v3.1.10 (3.1.10)
\pgf@nodesepstart=\dimen191
\pgf@nodesepend=\dimen192
)
(C:\2_Programme\Office\latex\miktex\tex/latex/pgf/compatibility\pgfcomp-version
-1-18.sty
Package: pgfcomp-version-1-18 2023-01-15 v3.1.10 (3.1.10)
))
(C:\2_Programme\Office\latex\miktex\tex/latex/pgf/utilities\pgffor.sty
(C:\2_Programme\Office\latex\miktex\tex/latex/pgf/utilities\pgfkeys.sty
(C:\2_Programme\Office\latex\miktex\tex/generic/pgf/utilities\pgfkeys.code.tex)
) (C:\2_Programme\Office\latex\miktex\tex/latex/pgf/math\pgfmath.sty
(C:\2_Programme\Office\latex\miktex\tex/generic/pgf/math\pgfmath.code.tex))
(C:\2_Programme\Office\latex\miktex\tex/generic/pgf/utilities\pgffor.code.tex
Package: pgffor 2023-01-15 v3.1.10 (3.1.10)
\pgffor@iter=\dimen193
\pgffor@skip=\dimen194
\pgffor@stack=\toks36
\pgffor@toks=\toks37
))
(C:\2_Programme\Office\latex\miktex\tex/generic/pgf/frontendlayer/tikz\tikz.cod
e.tex
Package: tikz 2023-01-15 v3.1.10 (3.1.10)

(C:\2_Programme\Office\latex\miktex\tex/generic/pgf/libraries\pgflibraryplothan
dlers.code.tex
File: pgflibraryplothandlers.code.tex 2023-01-15 v3.1.10 (3.1.10)
\pgf@plot@mark@count=\count290
\pgfplotmarksize=\dimen195
)
\tikz@lastx=\dimen196
\tikz@lasty=\dimen197
\tikz@lastxsaved=\dimen198
\tikz@lastysaved=\dimen199
\tikz@lastmovetox=\dimen256
\tikz@lastmovetoy=\dimen257
\tikzleveldistance=\dimen258
\tikzsiblingdistance=\dimen259
\tikz@figbox=\box63
\tikz@figbox@bg=\box64
\tikz@tempbox=\box65
\tikz@tempbox@bg=\box66
\tikztreelevel=\count291
\tikznumberofchildren=\count292
\tikznumberofcurrentchild=\count293
\tikz@fig@count=\count294

(C:\2_Programme\Office\latex\miktex\tex/generic/pgf/modules\pgfmodulematrix.cod
e.tex
File: pgfmodulematrix.code.tex 2023-01-15 v3.1.10 (3.1.10)
\pgfmatrixcurrentrow=\count295
\pgfmatrixcurrentcolumn=\count296
\pgf@matrix@numberofcolumns=\count297
)
\tikz@expandcount=\count298

(C:\2_Programme\Office\latex\miktex\tex/generic/pgf/frontendlayer/tikz/librarie
s\tikzlibrarytopaths.code.tex
File: tikzlibrarytopaths.code.tex 2023-01-15 v3.1.10 (3.1.10)
)))
(C:\2_Programme\Office\latex\miktex\tex/latex/pgfplots\pgfplots.sty
(C:\2_Programme\Office\latex\miktex\tex/latex/pgfplots/tex\pgfplots.revision.te
x)
Package: pgfplots 2021/05/15 v1.18.1 Data Visualization (1.18.1)
 (C:\2_Programme\Office\latex\miktex\tex/latex/pgfplots/tex\pgfplots.code.tex
(C:\2_Programme\Office\latex\miktex\tex/latex/pgfplots/tex\pgfplotscore.code.te
x
\t@pgfplots@toka=\toks38
\t@pgfplots@tokb=\toks39
\t@pgfplots@tokc=\toks40
\pgfplots@tmpa=\dimen260
\c@pgfplots@coordindex=\count299
\c@pgfplots@scanlineindex=\count300

(C:\2_Programme\Office\latex\miktex\tex/latex/pgfplots/tex\pgfplotssysgeneric.c
ode.tex))
(C:\2_Programme\Office\latex\miktex\tex/latex/pgfplots/tex\pgfplotslibrary.code
.tex)
(C:\2_Programme\Office\latex\miktex\tex/latex/pgfplots/tex\pgfplotsoldpgfsupp_l
oader.code.tex
(C:\2_Programme\Office\latex\miktex\tex/generic/pgf/libraries\pgflibraryfpu.cod
e.tex)
Package pgfplots: loading complementary utilities for your pgf version...
\t@pgf@toka=\toks41
\t@pgf@tokb=\toks42
\t@pgf@tokc=\toks43

(C:\2_Programme\Office\latex\miktex\tex/latex/pgfplots/tex\pgfplotsoldpgfsupp_p
gfutil-common-lists.tex))
(C:\2_Programme\Office\latex\miktex\tex/latex/pgfplots/tex\pgfplotsutil.code.te
x
(C:\2_Programme\Office\latex\miktex\tex/latex/pgfplots/tex\pgfplotsliststructur
e.code.tex)
(C:\2_Programme\Office\latex\miktex\tex/latex/pgfplots/tex\pgfplotsliststructur
eext.code.tex)
(C:\2_Programme\Office\latex\miktex\tex/latex/pgfplots/tex\pgfplotsarray.code.t
ex
\c@pgfplotsarray@tmp=\count301
)
(C:\2_Programme\Office\latex\miktex\tex/latex/pgfplots/tex\pgfplotsmatrix.code.
tex)
(C:\2_Programme\Office\latex\miktex\tex/latex/pgfplots/tex\pgfplotstableshared.
code.tex
\c@pgfplotstable@counta=\count302
\t@pgfplotstable@a=\toks44
)
(C:\2_Programme\Office\latex\miktex\tex/latex/pgfplots/tex\pgfplotsdeque.code.t
ex)
(C:\2_Programme\Office\latex\miktex\tex/latex/pgfplots/tex\pgfplotsbinary.code.
tex
(C:\2_Programme\Office\latex\miktex\tex/latex/pgfplots/tex\pgfplotsbinary.data.
code.tex))
(C:\2_Programme\Office\latex\miktex\tex/latex/pgfplots/tex\pgfplotsutil.verb.co
de.tex)
(C:\2_Programme\Office\latex\miktex\tex/latex/pgfplots/tex\pgflibrarypgfplots.s
urfshading.code.tex
\c@pgfplotslibrarysurf@no=\count303

(C:\2_Programme\Office\latex\miktex\tex/latex/pgfplots/tex\pgflibrarypgfplots.s
urfshading.pgfsys-pdftex.def)))
(C:\2_Programme\Office\latex\miktex\tex/latex/pgfplots/tex\pgfplotscolormap.cod
e.tex
(C:\2_Programme\Office\latex\miktex\tex/latex/pgfplots/tex\pgfplotscolor.code.t
ex))
(C:\2_Programme\Office\latex\miktex\tex/latex/pgfplots/tex\pgfplotsstackedplots
.code.tex)
(C:\2_Programme\Office\latex\miktex\tex/latex/pgfplots/tex\pgfplotsplothandlers
.code.tex
(C:\2_Programme\Office\latex\miktex\tex/latex/pgfplots/tex\pgfplotsmeshplothand
ler.code.tex
(C:\2_Programme\Office\latex\miktex\tex/latex/pgfplots/tex\pgfplotsmeshplotimag
e.code.tex)))
(C:\2_Programme\Office\latex\miktex\tex/latex/pgfplots/tex\pgfplots.scaling.cod
e.tex)
(C:\2_Programme\Office\latex\miktex\tex/latex/pgfplots/tex\pgfplotscoordprocess
ing.code.tex)
(C:\2_Programme\Office\latex\miktex\tex/latex/pgfplots/tex\pgfplots.errorbars.c
ode.tex)
(C:\2_Programme\Office\latex\miktex\tex/latex/pgfplots/tex\pgfplots.markers.cod
e.tex)
(C:\2_Programme\Office\latex\miktex\tex/latex/pgfplots/tex\pgfplotsticks.code.t
ex)
(C:\2_Programme\Office\latex\miktex\tex/latex/pgfplots/tex\pgfplots.paths.code.
tex)
(C:\2_Programme\Office\latex\miktex\tex/generic/pgf/frontendlayer/tikz/librarie
s\tikzlibrarydecorations.code.tex
(C:\2_Programme\Office\latex\miktex\tex/generic/pgf/modules\pgfmoduledecoration
s.code.tex
\pgfdecoratedcompleteddistance=\dimen261
\pgfdecoratedremainingdistance=\dimen262
\pgfdecoratedinputsegmentcompleteddistance=\dimen263
\pgfdecoratedinputsegmentremainingdistance=\dimen264
\pgf@decorate@distancetomove=\dimen265
\pgf@decorate@repeatstate=\count304
\pgfdecorationsegmentamplitude=\dimen266
\pgfdecorationsegmentlength=\dimen267
)
\tikz@lib@dec@box=\box67
)
(C:\2_Programme\Office\latex\miktex\tex/generic/pgf/frontendlayer/tikz/librarie
s\tikzlibrarydecorations.pathmorphing.code.tex
(C:\2_Programme\Office\latex\miktex\tex/generic/pgf/libraries/decorations\pgfli
brarydecorations.pathmorphing.code.tex))
(C:\2_Programme\Office\latex\miktex\tex/generic/pgf/frontendlayer/tikz/librarie
s\tikzlibrarydecorations.pathreplacing.code.tex
(C:\2_Programme\Office\latex\miktex\tex/generic/pgf/libraries/decorations\pgfli
brarydecorations.pathreplacing.code.tex))
(C:\2_Programme\Office\latex\miktex\tex/latex/pgfplots/tex\tikzlibrarypgfplots.
contourlua.code.tex)
\pgfplots@numplots=\count305
\pgfplots@xmin@reg=\dimen268
\pgfplots@xmax@reg=\dimen269
\pgfplots@ymin@reg=\dimen270
\pgfplots@ymax@reg=\dimen271
\pgfplots@zmin@reg=\dimen272
\pgfplots@zmax@reg=\dimen273
)
(C:\2_Programme\Office\latex\miktex\tex/generic/pgf/frontendlayer/tikz/librarie
s\tikzlibraryplotmarks.code.tex
File: tikzlibraryplotmarks.code.tex 2023-01-15 v3.1.10 (3.1.10)

(C:\2_Programme\Office\latex\miktex\tex/generic/pgf/libraries\pgflibraryplotmar
ks.code.tex
File: pgflibraryplotmarks.code.tex 2023-01-15 v3.1.10 (3.1.10)
)))
(C:\2_Programme\Office\latex\miktex\tex/latex/pgfplots/tex\pgflibrarypgfplots.c
olorbrewer.code.tex
(C:\2_Programme\Office\latex\miktex\tex/latex/pgfplots/tex\tikzlibrarycolorbrew
er.code.tex))
(C:\2_Programme\Office\latex\miktex\tex/generic/pgf/frontendlayer/tikz/librarie
s\tikzlibraryautomata.code.tex
File: tikzlibraryautomata.code.tex 2023-01-15 v3.1.10 (3.1.10)

(C:\2_Programme\Office\latex\miktex\tex/generic/pgf/frontendlayer/tikz/librarie
s\tikzlibraryshapes.multipart.code.tex
File: tikzlibraryshapes.multipart.code.tex 2023-01-15 v3.1.10 (3.1.10)

(C:\2_Programme\Office\latex\miktex\tex/generic/pgf/libraries/shapes\pgflibrary
shapes.multipart.code.tex
File: pgflibraryshapes.multipart.code.tex 2023-01-15 v3.1.10 (3.1.10)
\pgfnodepartlowerbox=\box68
\pgfnodeparttwobox=\box69
\pgfnodepartthreebox=\box70
\pgfnodepartfourbox=\box71
\pgfnodeparttwentybox=\box72
\pgfnodepartnineteenbox=\box73
\pgfnodeparteighteenbox=\box74
\pgfnodepartseventeenbox=\box75
\pgfnodepartsixteenbox=\box76
\pgfnodepartfifteenbox=\box77
\pgfnodepartfourteenbox=\box78
\pgfnodepartthirteenbox=\box79
\pgfnodeparttwelvebox=\box80
\pgfnodepartelevenbox=\box81
\pgfnodeparttenbox=\box82
\pgfnodepartninebox=\box83
\pgfnodeparteightbox=\box84
\pgfnodepartsevenbox=\box85
\pgfnodepartsixbox=\box86
\pgfnodepartfivebox=\box87
)))
(C:\2_Programme\Office\latex\miktex\tex/generic/pgf/frontendlayer/tikz/librarie
s\tikzlibrarypositioning.code.tex
File: tikzlibrarypositioning.code.tex 2023-01-15 v3.1.10 (3.1.10)
)
(C:\2_Programme\Office\latex\miktex\tex/generic/pgf/frontendlayer/tikz/librarie
s\tikzlibraryarrows.code.tex
File: tikzlibraryarrows.code.tex 2023-01-15 v3.1.10 (3.1.10)

(C:\2_Programme\Office\latex\miktex\tex/generic/pgf/libraries\pgflibraryarrows.
code.tex
File: pgflibraryarrows.code.tex 2023-01-15 v3.1.10 (3.1.10)
\arrowsize=\dimen274
)) (C:\2_Programme\Office\latex\miktex\tex/latex/amsfonts\amsfonts.sty
Package: amsfonts 2013/01/14 v3.01 Basic AMSFonts support
\symAMSa=\mathgroup4
\symAMSb=\mathgroup5
LaTeX Font Info:    Redeclaring math symbol \hbar on input line 98.
LaTeX Font Info:    Overwriting math alphabet `\mathfrak' in version `bold'
(Font)                  U/euf/m/n --> U/euf/b/n on input line 106.
) (C:\2_Programme\Office\latex\miktex\tex/latex/placeins\placeins.sty
Package: placeins 2005/04/18  v 2.2
)
(C:\2_Programme\Office\latex\miktex\tex/latex/tools\longtable.sty
Package: longtable 2021-09-01 v4.17 Multi-page Table package (DPC)
\LTleft=\skip69
\LTright=\skip70
\LTpre=\skip71
\LTpost=\skip72
\LTchunksize=\count306
\LTcapwidth=\dimen275
\LT@head=\box88
\LT@firsthead=\box89
\LT@foot=\box90
\LT@lastfoot=\box91
\LT@gbox=\box92
\LT@cols=\count307
\LT@rows=\count308
\c@LT@tables=\count309
\c@LT@chunks=\count310
\LT@p@ftn=\toks45
)
Class scrreprt Info: longtable captions redefined on input line 21.

(C:\2_Programme\Office\latex\miktex\tex/latex/needspace\needspace.sty
Package: needspace 2010/09/12 v1.3d reserve vertical space
)
(C:\2_Programme\Office\latex\miktex\tex/latex/listings\listings.sty
\lst@mode=\count311
\lst@gtempboxa=\box93
\lst@token=\toks46
\lst@length=\count312
\lst@currlwidth=\dimen276
\lst@column=\count313
\lst@pos=\count314
\lst@lostspace=\dimen277
\lst@width=\dimen278
\lst@newlines=\count315
\lst@lineno=\count316
\lst@maxwidth=\dimen279

(C:\2_Programme\Office\latex\miktex\tex/latex/listings\lstmisc.sty
File: lstmisc.sty 2023/02/27 1.9 (Carsten Heinz)
\c@lstnumber=\count317
\lst@skipnumbers=\count318
\lst@framebox=\box94
)
(C:\2_Programme\Office\latex\miktex\tex/latex/listings\listings.cfg
File: listings.cfg 2023/02/27 1.9 listings configuration
))
Package: listings 2023/02/27 1.9 (Carsten Heinz)

(C:\2_Programme\Office\latex\miktex\tex/latex/float\float.sty
Package: float 2001/11/08 v1.3d Float enhancements (AL)
\c@float@type=\count319
\float@exts=\toks47
\float@box=\box95
\@float@everytoks=\toks48
\@floatcapt=\box96
)
(C:\2_Programme\Office\latex\miktex\tex/latex/biblatex\biblatex.sty
Package: biblatex 2023/03/05 v3.19 programmable bibliographies (PK/MW)

(C:\2_Programme\Office\latex\miktex\tex/generic/pdftexcmds\pdftexcmds.sty
Package: pdftexcmds 2020-06-27 v0.33 Utility functions of pdfTeX for LuaTeX (HO
)

(C:\2_Programme\Office\latex\miktex\tex/generic/infwarerr\infwarerr.sty
Package: infwarerr 2019/12/03 v1.5 Providing info/warning/error messages (HO)
)
(C:\2_Programme\Office\latex\miktex\tex/generic/iftex\iftex.sty
Package: iftex 2022/02/03 v1.0f TeX engine tests
)
(C:\2_Programme\Office\latex\miktex\tex/generic/ltxcmds\ltxcmds.sty
Package: ltxcmds 2020-05-10 v1.25 LaTeX kernel commands for general use (HO)
)
Package pdftexcmds Info: \pdf@primitive is available.
Package pdftexcmds Info: \pdf@ifprimitive is available.
Package pdftexcmds Info: \pdfdraftmode found.
)
(C:\2_Programme\Office\latex\miktex\tex/latex/kvoptions\kvoptions.sty
Package: kvoptions 2022-06-15 v3.15 Key value format for package options (HO)

(C:\2_Programme\Office\latex\miktex\tex/latex/kvsetkeys\kvsetkeys.sty
Package: kvsetkeys 2022-10-05 v1.19 Key value parser (HO)
))
(C:\2_Programme\Office\latex\miktex\tex/latex/logreq\logreq.sty
Package: logreq 2010/08/04 v1.0 xml request logger
\lrq@indent=\count320

(C:\2_Programme\Office\latex\miktex\tex/latex/logreq\logreq.def
File: logreq.def 2010/08/04 v1.0 logreq spec v1.0
))
(C:\2_Programme\Office\latex\miktex\tex/latex/base\ifthen.sty
Package: ifthen 2022/04/13 v1.1d Standard LaTeX ifthen package (DPC)
)
(C:\2_Programme\Office\latex\miktex\tex/latex/url\url.sty
\Urlmuskip=\muskip17
Package: url 2013/09/16  ver 3.4  Verb mode for urls, etc.
)
\c@tabx@nest=\count321
\c@listtotal=\count322
\c@listcount=\count323
\c@liststart=\count324
\c@liststop=\count325
\c@citecount=\count326
\c@citetotal=\count327
\c@multicitecount=\count328
\c@multicitetotal=\count329
\c@instcount=\count330
\c@maxnames=\count331
\c@minnames=\count332
\c@maxitems=\count333
\c@minitems=\count334
\c@citecounter=\count335
\c@maxcitecounter=\count336
\c@savedcitecounter=\count337
\c@uniquelist=\count338
\c@uniquename=\count339
\c@refsection=\count340
\c@refsegment=\count341
\c@maxextratitle=\count342
\c@maxextratitleyear=\count343
\c@maxextraname=\count344
\c@maxextradate=\count345
\c@maxextraalpha=\count346
\c@abbrvpenalty=\count347
\c@highnamepenalty=\count348
\c@lownamepenalty=\count349
\c@maxparens=\count350
\c@parenlevel=\count351
\blx@tempcnta=\count352
\blx@tempcntb=\count353
\blx@tempcntc=\count354
\c@blx@maxsection=\count355
\blx@maxsegment@0=\count356
\blx@notetype=\count357
\blx@parenlevel@text=\count358
\blx@parenlevel@foot=\count359
\blx@sectionciteorder@0=\count360
\blx@sectionciteorderinternal@0=\count361
\blx@entrysetcounter=\count362
\blx@biblioinstance=\count363
\labelnumberwidth=\skip73
\labelalphawidth=\skip74
\biblabelsep=\skip75
\bibitemsep=\skip76
\bibnamesep=\skip77
\bibinitsep=\skip78
\bibparsep=\skip79
\bibhang=\skip80
\blx@bcfin=\read4
\blx@bcfout=\write4
\blx@langwohyphens=\language80
\c@mincomprange=\count364
\c@maxcomprange=\count365
\c@mincompwidth=\count366
Package biblatex Info: Trying to load biblatex default data model...
Package biblatex Info: ... file 'blx-dm.def' found.

(C:\2_Programme\Office\latex\miktex\tex/latex/biblatex\blx-dm.def
File: blx-dm.def 2023/03/05 v3.19 biblatex localization (PK/MW)
)
Package biblatex Info: Trying to load biblatex style data model...
Package biblatex Info: ... file 'ieee.dbx' not found.
Package biblatex Info: Trying to load biblatex custom data model...
Package biblatex Info: ... file 'biblatex-dm.cfg' not found.
\c@afterword=\count367
\c@savedafterword=\count368
\c@annotator=\count369
\c@savedannotator=\count370
\c@author=\count371
\c@savedauthor=\count372
\c@bookauthor=\count373
\c@savedbookauthor=\count374
\c@commentator=\count375
\c@savedcommentator=\count376
\c@editor=\count377
\c@savededitor=\count378
\c@editora=\count379
\c@savededitora=\count380
\c@editorb=\count381
\c@savededitorb=\count382
\c@editorc=\count383
\c@savededitorc=\count384
\c@foreword=\count385
\c@savedforeword=\count386
\c@holder=\count387
\c@savedholder=\count388
\c@introduction=\count389
\c@savedintroduction=\count390
\c@namea=\count391
\c@savednamea=\count392
\c@nameb=\count393
\c@savednameb=\count394
\c@namec=\count395
\c@savednamec=\count396
\c@translator=\count397
\c@savedtranslator=\count398
\c@shortauthor=\count399
\c@savedshortauthor=\count400
\c@shorteditor=\count401
\c@savedshorteditor=\count402
\c@labelname=\count403
\c@savedlabelname=\count404
\c@institution=\count405
\c@savedinstitution=\count406
\c@lista=\count407
\c@savedlista=\count408
\c@listb=\count409
\c@savedlistb=\count410
\c@listc=\count411
\c@savedlistc=\count412
\c@listd=\count413
\c@savedlistd=\count414
\c@liste=\count415
\c@savedliste=\count416
\c@listf=\count417
\c@savedlistf=\count418
\c@location=\count419
\c@savedlocation=\count420
\c@organization=\count421
\c@savedorganization=\count422
\c@origlocation=\count423
\c@savedoriglocation=\count424
\c@origpublisher=\count425
\c@savedorigpublisher=\count426
\c@publisher=\count427
\c@savedpublisher=\count428
\c@language=\count429
\c@savedlanguage=\count430
\c@origlanguage=\count431
\c@savedoriglanguage=\count432
\c@pageref=\count433
\c@savedpageref=\count434
\shorthandwidth=\skip81
\shortjournalwidth=\skip82
\shortserieswidth=\skip83
\shorttitlewidth=\skip84
\shortauthorwidth=\skip85
\shorteditorwidth=\skip86
\locallabelnumberwidth=\skip87
\locallabelalphawidth=\skip88
\localshorthandwidth=\skip89
\localshortjournalwidth=\skip90
\localshortserieswidth=\skip91
\localshorttitlewidth=\skip92
\localshortauthorwidth=\skip93
\localshorteditorwidth=\skip94
Package biblatex Info: Trying to load compatibility code...
Package biblatex Info: ... file 'blx-compat.def' found.

(C:\2_Programme\Office\latex\miktex\tex/latex/biblatex\blx-compat.def
File: blx-compat.def 2023/03/05 v3.19 biblatex compatibility (PK/MW)
)
Package biblatex Info: Trying to load generic definitions...
Package biblatex Info: ... file 'biblatex.def' found.

(C:\2_Programme\Office\latex\miktex\tex/latex/biblatex\biblatex.def
File: biblatex.def 2023/03/05 v3.19 biblatex compatibility (PK/MW)
\c@textcitecount=\count435
\c@textcitetotal=\count436
\c@textcitemaxnames=\count437
\c@biburlbigbreakpenalty=\count438
\c@biburlbreakpenalty=\count439
\c@biburlnumpenalty=\count440
\c@biburlucpenalty=\count441
\c@biburllcpenalty=\count442
\biburlbigskip=\muskip18
\biburlnumskip=\muskip19
\biburlucskip=\muskip20
\biburllcskip=\muskip21
\c@smartand=\count443
)
Package biblatex Info: Trying to load natbib compatibility...
Package biblatex Info: ... file 'blx-natbib.def' found.

(C:\2_Programme\Office\latex\miktex\tex/latex/biblatex\blx-natbib.def
File: blx-natbib.def 2023/03/05 v3.19 biblatex compatibility (PK/MW)
Package biblatex Info: Delimiter 'nameyeardelim' in context '' already defined,
 overwriting.
)
Package biblatex Info: Trying to load bibliography style 'ieee'...
Package biblatex Info: ... file 'ieee.bbx' found.

(C:\2_Programme\Office\latex\miktex\tex/latex/biblatex-ieee\ieee.bbx
File: ieee.bbx 2021/12/06 v1.3f biblatex bibliography style
Package biblatex Info: Trying to load bibliography style 'numeric-comp'...
Package biblatex Info: ... file 'numeric-comp.bbx' found.

(C:\2_Programme\Office\latex\miktex\tex/latex/biblatex/bbx\numeric-comp.bbx
File: numeric-comp.bbx 2023/03/05 v3.19 biblatex bibliography style (PK/MW)
Package biblatex Info: Trying to load bibliography style 'numeric'...
Package biblatex Info: ... file 'numeric.bbx' found.

(C:\2_Programme\Office\latex\miktex\tex/latex/biblatex/bbx\numeric.bbx
File: numeric.bbx 2023/03/05 v3.19 biblatex bibliography style (PK/MW)
Package biblatex Info: Trying to load bibliography style 'standard'...
Package biblatex Info: ... file 'standard.bbx' found.

(C:\2_Programme\Office\latex\miktex\tex/latex/biblatex/bbx\standard.bbx
File: standard.bbx 2023/03/05 v3.19 biblatex bibliography style (PK/MW)
\c@bbx:relatedcount=\count444
\c@bbx:relatedtotal=\count445
))))
Package biblatex Info: Trying to load citation style 'ieee'...
Package biblatex Info: ... file 'ieee.cbx' found.

(C:\2_Programme\Office\latex\miktex\tex/latex/biblatex-ieee\ieee.cbx
File: ieee.cbx 2021/12/06 v1.3f biblatex citation style
Package biblatex Info: Trying to load citation style 'numeric-comp'...
Package biblatex Info: ... file 'numeric-comp.cbx' found.

(C:\2_Programme\Office\latex\miktex\tex/latex/biblatex/cbx\numeric-comp.cbx
File: numeric-comp.cbx 2023/03/05 v3.19 biblatex citation style (PK/MW)
\c@cbx@tempcnta=\count446
\c@cbx@tempcntb=\count447
\c@cbx@tempcntc=\count448
\c@cbx@tempcntd=\count449
Package biblatex Info: Redefining '\cite'.
Package biblatex Info: Redefining '\parencite'.
Package biblatex Info: Redefining '\footcite'.
Package biblatex Info: Redefining '\footcitetext'.
Package biblatex Info: Redefining '\smartcite'.
Package biblatex Info: Redefining '\supercite'.
Package biblatex Info: Redefining '\textcite'.
Package biblatex Info: Redefining '\textcites'.
Package biblatex Info: Redefining '\cites'.
Package biblatex Info: Redefining '\parencites'.
Package biblatex Info: Redefining '\smartcites'.
)
Package biblatex Info: Redefining '\cite'.
Package biblatex Info: Redefining '\supercite'.
Package biblatex Info: Redefining '\cites'.
)
Package biblatex Info: Trying to load configuration file...
Package biblatex Info: ... file 'biblatex.cfg' found.

(C:\2_Programme\Office\latex\miktex\tex/latex/biblatex\biblatex.cfg
File: biblatex.cfg 
)
Package biblatex Info: Input encoding 'utf8' detected.
Package biblatex Info: Document encoding is UTF8 ....

(C:\2_Programme\Office\latex\miktex\tex/latex/l3kernel\expl3.sty
Package: expl3 2023-03-30 L3 programming layer (loader) 

(C:\2_Programme\Office\latex\miktex\tex/latex/l3backend\l3backend-pdftex.def
File: l3backend-pdftex.def 2023-03-30 L3 backend support: PDF output (pdfTeX)
\l__color_backend_stack_int=\count450
\l__pdf_internal_box=\box97
))
Package biblatex Info: ... and expl3
(biblatex)             2023-03-30 L3 programming layer (loader) 
(biblatex)             is new enough (at least 2020/04/06),
(biblatex)             setting 'casechanger=expl3'.

(C:\2_Programme\Office\latex\miktex\tex/latex/biblatex\blx-case-expl3.sty
(C:\2_Programme\Office\latex\miktex\tex/latex/l3packages/xparse\xparse.sty
Package: xparse 2023-02-02 L3 Experimental document command parser
)
Package: blx-case-expl3 2023/03/05 v3.19 expl3 case changing code for biblatex
))
(C:\2_Programme\Office\latex\miktex\tex/latex/pgfplots/tex\tikzlibrarypgfplots.
statistics.code.tex)
(C:\2_Programme\Office\latex\miktex\tex/latex/pgf-pie\pgf-pie.sty
Package: pgf-pie 2022/06/14 v0.7 Some LaTeX macros for pie chart by using PGF/T
ikz package.

(C:\2_Programme\Office\latex\miktex\tex/latex/pgf-pie\tikzlibrarypie.code.tex
(C:\2_Programme\Office\latex\miktex\tex/latex/carlisle\scalefnt.sty)
\pgfpie@angleEnd=\dimen280
\pgfpie@explodeLength=\count451
\pgfpie@colorLength=\count452
\pgfpie@sliceLength=\count453
))
(C:\2_Programme\Office\latex\miktex\tex/latex/caption\subcaption.sty
Package: subcaption 2023/02/19 v1.6 Sub-captions (AR)

(C:\2_Programme\Office\latex\miktex\tex/latex/caption\caption.sty
Package: caption 2023/03/12 v3.6j Customizing captions (AR)

(C:\2_Programme\Office\latex\miktex\tex/latex/caption\caption3.sty
Package: caption3 2023/03/12 v2.4 caption3 kernel (AR)
\caption@tempdima=\dimen281
\captionmargin=\dimen282
\caption@leftmargin=\dimen283
\caption@rightmargin=\dimen284
\caption@width=\dimen285
\caption@indent=\dimen286
\caption@parindent=\dimen287
\caption@hangindent=\dimen288
Package caption Info: KOMA-Script document class detected.

(C:\2_Programme\Office\latex\miktex\tex/latex/caption\caption-koma.sto
File: caption-koma.sto 2022/12/27 v2.0c Adaption of the caption package to the 
KOMA-Script document classes (AR)
))
\c@caption@flags=\count454
\c@continuedfloat=\count455
Package caption Info: float package is loaded.
Package caption Info: listings package is loaded.
Package caption Info: longtable package is loaded.

(C:\2_Programme\Office\latex\miktex\tex/latex/caption\ltcaption.sty
Package: ltcaption 2021/01/08 v1.4c longtable captions (AR)
)
Package caption Info: KOMA-Script scrextend package detected.
\caption@addmargin@hsize=\dimen289
\caption@addmargin@linewidth=\dimen290
)
Package caption Info: New subtype `subfigure' on input line 239.
\c@subfigure=\count456
Package caption Info: New subtype `subtable' on input line 239.
\c@subtable=\count457
)
(C:\2_Programme\Office\latex\miktex\tex/latex/colortbl\colortbl.sty
Package: colortbl 2022/06/20 v1.0f Color table columns (DPC)

(C:\2_Programme\Office\latex\miktex\tex/latex/tools\array.sty
Package: array 2022/09/04 v2.5g Tabular extension package (FMi)
\col@sep=\dimen291
\ar@mcellbox=\box98
\extrarowheight=\dimen292
\NC@list=\toks49
\extratabsurround=\skip95
\backup@length=\skip96
\ar@cellbox=\box99
)
\everycr=\toks50
\minrowclearance=\skip97
\rownum=\count458
)
(C:\2_Programme\Office\latex\miktex\tex/latex/psnfss\mathpazo.sty
Package: mathpazo 2020/03/25 PSNFSS-v9.3 Palatino w/ Pazo Math (D.Puga, WaS) 
\symupright=\mathgroup6
)
(C:\2_Programme\Office\latex\miktex\tex/latex/geometry\geometry.sty
Package: geometry 2020/01/02 v5.9 Page Geometry

(C:\2_Programme\Office\latex\miktex\tex/generic/iftex\ifvtex.sty
Package: ifvtex 2019/10/25 v1.7 ifvtex legacy package. Use iftex instead.
)
\Gm@cnth=\count459
\Gm@cntv=\count460
\c@Gm@tempcnt=\count461
\Gm@bindingoffset=\dimen293
\Gm@wd@mp=\dimen294
\Gm@odd@mp=\dimen295
\Gm@even@mp=\dimen296
\Gm@layoutwidth=\dimen297
\Gm@layoutheight=\dimen298
\Gm@layouthoffset=\dimen299
\Gm@layoutvoffset=\dimen300
\Gm@dimlist=\toks51

(C:\2_Programme\Office\latex\miktex\tex/latex/geometry\geometry.cfg))
(C:\2_Programme\Office\latex\miktex\tex/latex/hyperref\hyperref.sty
Package: hyperref 2023-02-07 v7.00v Hypertext links for LaTeX

(C:\2_Programme\Office\latex\miktex\tex/generic/kvdefinekeys\kvdefinekeys.sty
Package: kvdefinekeys 2019-12-19 v1.6 Define keys (HO)
)
(C:\2_Programme\Office\latex\miktex\tex/generic/pdfescape\pdfescape.sty
Package: pdfescape 2019/12/09 v1.15 Implements pdfTeX's escape features (HO)
)
(C:\2_Programme\Office\latex\miktex\tex/latex/hycolor\hycolor.sty
Package: hycolor 2020-01-27 v1.10 Color options for hyperref/bookmark (HO)
)
(C:\2_Programme\Office\latex\miktex\tex/latex/letltxmacro\letltxmacro.sty
Package: letltxmacro 2019/12/03 v1.6 Let assignment for LaTeX macros (HO)
)
(C:\2_Programme\Office\latex\miktex\tex/latex/auxhook\auxhook.sty
Package: auxhook 2019-12-17 v1.6 Hooks for auxiliary files (HO)
)
(C:\2_Programme\Office\latex\miktex\tex/latex/hyperref\nameref.sty
Package: nameref 2022-05-17 v2.50 Cross-referencing by name of section

(C:\2_Programme\Office\latex\miktex\tex/latex/refcount\refcount.sty
Package: refcount 2019/12/15 v3.6 Data extraction from label references (HO)
)
(C:\2_Programme\Office\latex\miktex\tex/generic/gettitlestring\gettitlestring.s
ty
Package: gettitlestring 2019/12/15 v1.6 Cleanup title references (HO)
)
\c@section@level=\count462
)
\@linkdim=\dimen301
\Hy@linkcounter=\count463
\Hy@pagecounter=\count464
 (C:\2_Programme\Office\latex\miktex\tex/latex/hyperref\pd1enc.def
File: pd1enc.def 2023-02-07 v7.00v Hyperref: PDFDocEncoding definition (HO)
Now handling font encoding PD1 ...
... no UTF-8 mapping file for font encoding PD1
)
(C:\2_Programme\Office\latex\miktex\tex/generic/intcalc\intcalc.sty
Package: intcalc 2019/12/15 v1.3 Expandable calculations with integers (HO)
)
(C:\2_Programme\Office\latex\miktex\tex/generic/etexcmds\etexcmds.sty
Package: etexcmds 2019/12/15 v1.7 Avoid name clashes with e-TeX commands (HO)
)
\Hy@SavedSpaceFactor=\count465

(C:\2_Programme\Office\latex\miktex\tex/latex/hyperref\puenc.def
File: puenc.def 2023-02-07 v7.00v Hyperref: PDF Unicode definition (HO)
Now handling font encoding PU ...
... no UTF-8 mapping file for font encoding PU
)
Package hyperref Info: Option `unicode' set `true' on input line 4060.
Package hyperref Info: Option `pdfusetitle' set `true' on input line 4060.
Package hyperref Info: Option `bookmarks' set `true' on input line 4060.
Package hyperref Info: Option `bookmarksnumbered' set `false' on input line 406
0.
Package hyperref Info: Option `bookmarksopen' set `false' on input line 4060.
Package hyperref Info: Option `breaklinks' set `false' on input line 4060.
Package hyperref Info: Option `colorlinks' set `false' on input line 4060.
Package hyperref Info: Hyper figures OFF on input line 4177.
Package hyperref Info: Link nesting OFF on input line 4182.
Package hyperref Info: Hyper index ON on input line 4185.
Package hyperref Info: Plain pages OFF on input line 4192.
Package hyperref Info: Backreferencing OFF on input line 4197.
Package hyperref Info: Implicit mode ON; LaTeX internals redefined.
Package hyperref Info: Bookmarks ON on input line 4425.
\c@Hy@tempcnt=\count466
LaTeX Info: Redefining \url on input line 4763.
\XeTeXLinkMargin=\dimen302

(C:\2_Programme\Office\latex\miktex\tex/generic/bitset\bitset.sty
Package: bitset 2019/12/09 v1.3 Handle bit-vector datatype (HO)

(C:\2_Programme\Office\latex\miktex\tex/generic/bigintcalc\bigintcalc.sty
Package: bigintcalc 2019/12/15 v1.5 Expandable calculations on big integers (HO
)
))
\Fld@menulength=\count467
\Field@Width=\dimen303
\Fld@charsize=\dimen304
Package hyperref Info: Hyper figures OFF on input line 6042.
Package hyperref Info: Link nesting OFF on input line 6047.
Package hyperref Info: Hyper index ON on input line 6050.
Package hyperref Info: backreferencing OFF on input line 6057.
Package hyperref Info: Link coloring OFF on input line 6062.
Package hyperref Info: Link coloring with OCG OFF on input line 6067.
Package hyperref Info: PDF/A mode OFF on input line 6072.

(C:\2_Programme\Office\latex\miktex\tex/latex/base\atbegshi-ltx.sty
Package: atbegshi-ltx 2021/01/10 v1.0c Emulation of the original atbegshi
package with kernel methods
)
\Hy@abspage=\count468
\c@Item=\count469
\c@Hfootnote=\count470
)
Package hyperref Info: Driver (autodetected): hpdftex.

(C:\2_Programme\Office\latex\miktex\tex/latex/hyperref\hpdftex.def
File: hpdftex.def 2023-02-07 v7.00v Hyperref driver for pdfTeX

(C:\2_Programme\Office\latex\miktex\tex/latex/base\atveryend-ltx.sty
Package: atveryend-ltx 2020/08/19 v1.0a Emulation of the original atveryend pac
kage
with kernel methods
)
\Fld@listcount=\count471
\c@bookmark@seq@number=\count472

(C:\2_Programme\Office\latex\miktex\tex/latex/rerunfilecheck\rerunfilecheck.sty
Package: rerunfilecheck 2022-07-10 v1.10 Rerun checks for auxiliary files (HO)

(C:\2_Programme\Office\latex\miktex\tex/generic/uniquecounter\uniquecounter.sty
Package: uniquecounter 2019/12/15 v1.4 Provide unlimited unique counter (HO)
)
Package uniquecounter Info: New unique counter `rerunfilecheck' on input line 2
85.
)
\Hy@SectionHShift=\skip98
) (C:\2_Programme\Office\latex\miktex\tex/latex/cleveref\cleveref.sty
Package: cleveref 2018/03/27 v0.21.4 Intelligent cross-referencing
Package cleveref Info: `hyperref' support loaded on input line 2370.
LaTeX Info: Redefining \cref on input line 2370.
LaTeX Info: Redefining \Cref on input line 2370.
LaTeX Info: Redefining \crefrange on input line 2370.
LaTeX Info: Redefining \Crefrange on input line 2370.
LaTeX Info: Redefining \cpageref on input line 2370.
LaTeX Info: Redefining \Cpageref on input line 2370.
LaTeX Info: Redefining \cpagerefrange on input line 2370.
LaTeX Info: Redefining \Cpagerefrange on input line 2370.
LaTeX Info: Redefining \labelcref on input line 2370.
LaTeX Info: Redefining \labelcpageref on input line 2370.
Package cleveref Info: `listings' support loaded on input line 3131.
Package cleveref Info: always capitalise cross-reference names on input line 78
25.
Package cleveref Info: always capitalise cross-reference names on input line 78
52.
Package cleveref Info: no abbreviation of names on input line 7852.
)

Package biblatex Warning: 'babel/polyglossia' detected but 'csquotes' missing.
(biblatex)                Loading 'csquotes' recommended.

\@quotelevel=\count473
\@quotereset=\count474
LaTeX Font Info:    Trying to load font information for T1+ppl on input line 64
.
(C:\2_Programme\Office\latex\miktex\tex/latex/psnfss\t1ppl.fd
File: t1ppl.fd 2001/06/04 font definitions for T1/ppl.
)
(Masterarbeit.aux

LaTeX Warning: Label `tab:transaktionslog_ts2_cancelorders_smbasic' multiply de
fined.


LaTeX Warning: Label `tab:transaktionslog_ts2_cancelorders_smbasic@cref' multip
ly defined.


LaTeX Warning: Label `tab:transaktionslog_ts2_cancelorders_smbasic' multiply de
fined.


LaTeX Warning: Label `tab:transaktionslog_ts2_cancelorders_smbasic@cref' multip
ly defined.


LaTeX Warning: Label `' multiply defined.


LaTeX Warning: Label `@cref' multiply defined.


LaTeX Warning: Label `' multiply defined.


LaTeX Warning: Label `@cref' multiply defined.

(texes/ChapterFazit/Versuchsergebnisse.aux)
(texes/ChapterFazit/WissenschaftlicheBerhrungspunkte.aux))
\openout1 = `Masterarbeit.aux'.

LaTeX Font Info:    Checking defaults for OML/cmm/m/it on input line 64.
LaTeX Font Info:    ... okay on input line 64.
LaTeX Font Info:    Checking defaults for OMS/cmsy/m/n on input line 64.
LaTeX Font Info:    ... okay on input line 64.
LaTeX Font Info:    Checking defaults for OT1/cmr/m/n on input line 64.
LaTeX Font Info:    ... okay on input line 64.
LaTeX Font Info:    Checking defaults for T1/cmr/m/n on input line 64.
LaTeX Font Info:    ... okay on input line 64.
LaTeX Font Info:    Checking defaults for TS1/cmr/m/n on input line 64.
LaTeX Font Info:    ... okay on input line 64.
LaTeX Font Info:    Checking defaults for OMX/cmex/m/n on input line 64.
LaTeX Font Info:    ... okay on input line 64.
LaTeX Font Info:    Checking defaults for U/cmr/m/n on input line 64.
LaTeX Font Info:    ... okay on input line 64.
LaTeX Font Info:    Checking defaults for PD1/pdf/m/n on input line 64.
LaTeX Font Info:    ... okay on input line 64.
LaTeX Font Info:    Checking defaults for PU/pdf/m/n on input line 64.
LaTeX Font Info:    ... okay on input line 64.
LaTeX Info: Redefining \microtypecontext on input line 64.
Package microtype Info: Applying patch `item' on input line 64.
Package microtype Info: Applying patch `toc' on input line 64.
Package microtype Info: Applying patch `eqnum' on input line 64.
Package microtype Info: Applying patch `footnote' on input line 64.
Package microtype Info: Applying patch `verbatim' on input line 64.
Package microtype Info: Generating PDF output.
Package microtype Info: Character protrusion enabled (level 2).
Package microtype Info: Using default protrusion set `alltext'.
Package microtype Info: Automatic font expansion enabled (level 2),
(microtype)             stretch: 20, shrink: 20, step: 1, non-selected.
Package microtype Info: Using default expansion set `alltext-nott'.
LaTeX Info: Redefining \showhyphens on input line 64.
Package microtype Info: No adjustment of tracking.
Package microtype Info: No adjustment of interword spacing.
Package microtype Info: No adjustment of character kerning.

(C:\2_Programme\Office\latex\miktex\tex/latex/microtype\mt-ppl.cfg
File: mt-ppl.cfg 2005/11/16 v1.6 microtype config. file: Palatino (RS)
)
(C:\2_Programme\Office\latex\miktex\tex/context/base/mkii\supp-pdf.mkii
[Loading MPS to PDF converter (version 2006.09.02).]
\scratchcounter=\count475
\scratchdimen=\dimen305
\scratchbox=\box100
\nofMPsegments=\count476
\nofMParguments=\count477
\everyMPshowfont=\toks52
\MPscratchCnt=\count478
\MPscratchDim=\dimen306
\MPnumerator=\count479
\makeMPintoPDFobject=\count480
\everyMPtoPDFconversion=\toks53
) (C:\2_Programme\Office\latex\miktex\tex/latex/epstopdf-pkg\epstopdf-base.sty
Package: epstopdf-base 2020-01-24 v2.11 Base part for package epstopdf

(C:\2_Programme\Office\latex\miktex\tex/latex/grfext\grfext.sty
Package: grfext 2019/12/03 v1.3 Manage graphics extensions (HO)
)
Package epstopdf-base Info: Redefining graphics rule for `.eps' on input line 4
85.
Package grfext Info: Graphics extension search list:
(grfext)             [.pdf,.png,.jpg,.mps,.jpeg,.jbig2,.jb2,.PDF,.PNG,.JPG,.JPE
G,.JBIG2,.JB2,.eps]
(grfext)             \AppendGraphicsExtensions on input line 504.

(C:\2_Programme\Office\latex\miktex\tex/latex/00miktex\epstopdf-sys.cfg
File: epstopdf-sys.cfg 2021/03/18 v2.0 Configuration of epstopdf for MiKTeX
))
Package pgfplots notification 'compat/show suggested version=true': you might b
enefit from \pgfplotsset{compat=1.18} (current compat level: 1.15).

\c@lstlisting=\count481
Package biblatex Info: Trying to load language 'german'...
Package biblatex Info: ... file 'german.lbx' found.
(C:\2_Programme\Office\latex\miktex\tex/latex/biblatex/lbx\german.lbx
File: german.lbx 2023/03/05 v3.19 biblatex localization (PK/MW)
)
Package biblatex Info: Input encoding 'utf8' detected.
Package biblatex Info: Automatic encoding selection.
(biblatex)             Assuming data encoding 'utf8'.
\openout4 = `Masterarbeit.bcf'.

Package biblatex Info: Trying to load bibliographic data...
Package biblatex Info: ... file 'Masterarbeit.bbl' found.

(Masterarbeit.bbl)
Package biblatex Info: Reference section=0 on input line 64.
Package biblatex Info: Reference segment=0 on input line 64.
Package caption Info: Begin \AtBeginDocument code.
Package caption Info: hyperref package is loaded.
Package caption Info: End \AtBeginDocument code.

*geometry* driver: auto-detecting
*geometry* detected driver: pdftex
*geometry* verbose mode - [ preamble ] result:
* driver: pdftex
* paper: <default>
* layout: <same size as paper>
* layoutoffset:(h,v)=(0.0pt,0.0pt)
* modes: 
* h-part:(L,W,R)=(71.13188pt, 455.24417pt, 71.13188pt)
* v-part:(T,H,B)=(56.9055pt, 731.23593pt, 56.9055pt)
* \paperwidth=597.50793pt
* \paperheight=845.04694pt
* \textwidth=455.24417pt
* \textheight=731.23593pt
* \oddsidemargin=-1.1381pt
* \evensidemargin=-1.1381pt
* \topmargin=-55.23949pt
* \headheight=18.125pt
* \headsep=21.75pt
* \topskip=12.0pt
* \footskip=50.75pt
* \marginparwidth=49.79233pt
* \marginparsep=12.8401pt
* \columnsep=10.0pt
* \skip\footins=10.8pt plus 4.0pt minus 2.0pt
* \hoffset=0.0pt
* \voffset=0.0pt
* \mag=1000
* \@twocolumnfalse
* \@twosidefalse
* \@mparswitchfalse
* \@reversemarginfalse
* (1in=72.27pt=25.4mm, 1cm=28.453pt)

Package hyperref Info: Link coloring OFF on input line 64.
(Masterarbeit.out) (Masterarbeit.out)
\@outlinefile=\write5
\openout5 = `Masterarbeit.out'.

Class scrreprt Info: loading recommended package `bookmark'.
(scrreprt)           Using `bookmark' together with `hyperref' is recommended,
(scrreprt)           because of handling of possible bookmark level gaps.
(scrreprt)           You can avoid loading `bookmark' with KOMA-Script option
(scrreprt)           `bookmarkpackage=false' before \begin{document} and
(scrreprt)           you can avoid this message adding:
(scrreprt)             \usepackage{bookmark}
(scrreprt)           before \begin{document} on input line 64.

(C:\2_Programme\Office\latex\miktex\tex/latex/bookmark\bookmark.sty
Package: bookmark 2020-11-06 v1.29 PDF bookmarks (HO)

(C:\2_Programme\Office\latex\miktex\tex/latex/bookmark\bkm-pdftex.def
File: bkm-pdftex.def 2020-11-06 v1.29 bookmark driver for pdfTeX (HO)
\BKM@id=\count482
))
(texes/Titelseite.tex
LaTeX Font Info:    Trying to load font information for OT1+ppl on input line 5
5.

(C:\2_Programme\Office\latex\miktex\tex/latex/psnfss\ot1ppl.fd
File: ot1ppl.fd 2001/06/04 font definitions for OT1/ppl.
)
LaTeX Font Info:    Trying to load font information for OML+zplm on input line 
55.

(C:\2_Programme\Office\latex\miktex\tex/latex/psnfss\omlzplm.fd
File: omlzplm.fd 2002/09/08 Fontinst v1.914 font definitions for OML/zplm.
)
LaTeX Font Info:    Trying to load font information for OMS+zplm on input line 
55.

(C:\2_Programme\Office\latex\miktex\tex/latex/psnfss\omszplm.fd
File: omszplm.fd 2002/09/08 Fontinst v1.914 font definitions for OMS/zplm.
)
LaTeX Font Info:    Trying to load font information for OMX+zplm on input line 
55.

(C:\2_Programme\Office\latex\miktex\tex/latex/psnfss\omxzplm.fd
File: omxzplm.fd 2002/09/08 Fontinst v1.914 font definitions for OMX/zplm.
)
LaTeX Font Info:    Font shape `U/msa/m/n' will be
(Font)              scaled to size 12.50409pt on input line 55.

(C:\2_Programme\Office\latex\miktex\tex/latex/microtype\mt-msa.cfg
File: mt-msa.cfg 2006/02/04 v1.1 microtype config. file: AMS symbols (a) (RS)
)
LaTeX Font Info:    Font shape `U/msa/m/n' will be
(Font)              scaled to size 9.37807pt on input line 55.
LaTeX Font Info:    Font shape `U/msa/m/n' will be
(Font)              scaled to size 7.29405pt on input line 55.
LaTeX Font Info:    Font shape `U/msb/m/n' will be
(Font)              scaled to size 12.50409pt on input line 55.

(C:\2_Programme\Office\latex\miktex\tex/latex/microtype\mt-msb.cfg
File: mt-msb.cfg 2005/06/01 v1.0 microtype config. file: AMS symbols (b) (RS)
)
LaTeX Font Info:    Font shape `U/msb/m/n' will be
(Font)              scaled to size 9.37807pt on input line 55.
LaTeX Font Info:    Font shape `U/msb/m/n' will be
(Font)              scaled to size 7.29405pt on input line 55.
LaTeX Font Info:    Trying to load font information for OT1+zplm on input line 
55.

(C:\2_Programme\Office\latex\miktex\tex/latex/psnfss\ot1zplm.fd
File: ot1zplm.fd 2002/09/08 Fontinst v1.914 font definitions for OT1/zplm.
)
Package microtype Info: Loading generic protrusion settings for font family
(microtype)             `zplm' (encoding: OT1).
(microtype)             For optimal results, create family-specific settings.
(microtype)             See the microtype manual for details.
<misc/HTWK_Zusatz_de_V_Black.jpg, id=6, 1192.455pt x 644.4075pt>
File: misc/HTWK_Zusatz_de_V_Black.jpg Graphic file (type jpg)
<use misc/HTWK_Zusatz_de_V_Black.jpg>
Package pdftex.def Info: misc/HTWK_Zusatz_de_V_Black.jpg  used on input line 99
.
(pdftex.def)             Requested size: 91.04744pt x 49.19376pt.
 [1



{C:/Users/richa/AppData/Local/MiKTeX/fonts/map/pdftex/pdftex.map}{C:/2_Programm
e/Office/latex/miktex/fonts/enc/dvips/base/8r.enc} <./misc/HTWK_Zusatz_de_V_Bla
ck.jpg>])
LaTeX Font Info:    Trying to load font information for T1+lmss on input line 6
8.

(C:\2_Programme\Office\latex\miktex\tex/latex/lm\t1lmss.fd
File: t1lmss.fd 2015/05/01 v1.6.1 Font defs for Latin Modern
)
Package microtype Info: Loading generic protrusion settings for font family
(microtype)             `lmss' (encoding: T1).
(microtype)             For optimal results, create family-specific settings.
(microtype)             See the microtype manual for details.
 [2]
Package tocbasic Info: character protrusion at toc deactivated on input line 72
.

(Masterarbeit.toc
Overfull \hbox (5.70494pt too wide) in paragraph at lines 30--30
 [][] [][]\T1/ppl/m/n/12 (-20) Unterschiede des Saga-Modells zu Hec-tor Garcia-
Molinas 
 []

[3

{C:/2_Programme/Office/latex/miktex/fonts/enc/dvips/lm/lm-ec.enc}] [4])
\tf@toc=\write6
\openout6 = `Masterarbeit.toc'.


[5]
pdfTeX warning (ext4): destination with the same identifier (name{page.1}) has 
been already used, duplicate ignored
<to be read again> 
                   \relax 
l.77 	\newpage
               [1] (texes/Einleitung.tex
chapter 1.

Class scrreprt Warning: \float@addtolists detected!
(scrreprt)              Implementation of \float@addtolist became
(scrreprt)              deprecated in KOMA-Script v3.01 2008/11/14 and
(scrreprt)              has been replaced by several more flexible
(scrreprt)              features of package `tocbasic`.
(scrreprt)              Since Version 3.12 support for deprecated
(scrreprt)              \float@addtolist interface has been
(scrreprt)              restricted to only some of the KOMA-Script
(scrreprt)              features and been removed from others.
(scrreprt)              Loading of package `scrhack' may help to
(scrreprt)              avoid this warning, if you are using a
(scrreprt)              a package that still implements the
(scrreprt)              deprecated \float@addtolist interface.

LaTeX Font Info:    Trying to load font information for TS1+ppl on input line 1
9.
(C:\2_Programme\Office\latex\miktex\tex/latex/psnfss\ts1ppl.fd
File: ts1ppl.fd 2001/06/04 font definitions for TS1/ppl.
))
(texes/Chapter1.tex
pdfTeX warning (ext4): destination with the same identifier (name{page.2}) has 
been already used, duplicate ignored
<to be read again> 
                   \relax 
l.1 \chapter
            {Grundlagen} [2

]
chapter 2.
(texes/Chapter1/Grundlagen.tex
pdfTeX warning (ext4): destination with the same identifier (name{page.3}) has 
been already used, duplicate ignored
<to be read again> 
                   \relax 
l.21 \par A
           tomaritt beschreibt hier das Alles-Oder-Nichts-Prinzip. Eine Tr...
[3

]) (texes/Chapter1/Lsungsstrategien.tex
pdfTeX warning (ext4): destination with the same identifier (name{page.4}) has 
been already used, duplicate ignored
<to be read again> 
                   \relax 
l.6 \subsection
               {Transaktionen auf Datenbankebene} [4])
(texes/Chapter1/SagaPattern.tex
pdfTeX warning (ext4): destination with the same identifier (name{page.5}) has 
been already used, duplicate ignored
<to be read again> 
                   \relax 
l.7 	\item B
            lockierung der Ressourcen [5] [6] [7]
Underfull \hbox (badness 10000) in paragraph at lines 66--67

 []

[8] [9]
Package placeins Info: No floats held, on input line 192.
 [10
Package placeins Info: Float barrier, from input line 192, processed on page 10
, lands on page 10. 
] [11]
LaTeX Font Info:    Trying to load font information for U+fplmbb on input line 
255.

(C:\2_Programme\Office\latex\miktex\tex/latex/psnfss\ufplmbb.fd
File: ufplmbb.fd 2003/10/30 Fontinst v1.914 font definitions for U/fplmbb.
)

LaTeX Warning: Command \" invalid in math mode on input line 255.

Missing character: There is no  in font pplr7t!

LaTeX Warning: Command \" invalid in math mode on input line 255.

Missing character: There is no  in font pplr7t!

LaTeX Warning: Command \" invalid in math mode on input line 255.

Missing character: There is no  in font pplr7t!

LaTeX Warning: Command \" invalid in math mode on input line 255.

Missing character: There is no  in font pplr7t!

Overfull \hbox (67.80429pt too wide) in paragraph at lines 265--266
\T1/ppl/m/n/12 (-20) ward Re-co-ve-ry ver-sucht, bis die Sa-ga er-folg-reich is
t oder das Ober-li-mit $\OML/zplm/m/it/12 maxSavepointExecutionCount$
 []


Overfull \hbox (22.99355pt too wide) in paragraph at lines 295--296
 [][] 
 []

Package placeins Info: No floats held, on input line 298.
[12
Package placeins Info: Float barrier, from input line 298, processed on page 12
, lands on page 12. 
]

LaTeX Warning: Command \" invalid in math mode on input line 311.


LaTeX Warning: Command \" invalid in math mode on input line 311.

Missing character: There is no  in font pplr7t!
Missing character: There is no  in font pplr7t!

LaTeX Warning: Command \" invalid in math mode on input line 326.


LaTeX Warning: Command \" invalid in math mode on input line 326.

Missing character: There is no  in font pplr7t!
Missing character: There is no  in font pplr7t!
Package placeins Info: No floats held, on input line 370.
[13
Package placeins Info: Float barrier, from input line 370, processed on page 13
, lands on page 13. 
]
Package placeins Info: No floats held, on input line 395.
 [14
Package placeins Info: Float barrier, from input line 395, processed on page 14
, lands on page 14. 
] [15]
Overfull \hbox (37.60349pt too wide) in paragraph at lines 439--440
[]\T1/ppl/m/n/12 (-20) Schlussendlich bie-tet die Or-che-strie-rung die Mg-lic
h-keit, asyn-chro-ne Messaging-Komponenten
 []

)) (texes/Chapter2.tex [16] [17]
chapter 3.
(texes/ChapterVersuchsvorbereitung/Problemstellung.tex)
(texes/ChapterVersuchsvorbereitung/Zielstellung.tex)
(texes/ChapterVersuchsvorbereitung/Ausgangspunkt.tex [18

])
(texes/ChapterVersuchsvorbereitung/Methodik.tex
(texes/ChapterVersuchsvorbereitung/SectionMethodik/GpEntwurfUndImplementierung.
tex
<figures/SimplifiedBusinessProcess.png, id=355, 1230.5975pt x 201.75375pt>
File: figures/SimplifiedBusinessProcess.png Graphic file (type png)
<use figures/SimplifiedBusinessProcess.png>
Package pdftex.def Info: figures/SimplifiedBusinessProcess.png  used on input l
ine 18.
(pdftex.def)             Requested size: 455.24417pt x 74.63539pt.
 [19 <./figures/SimplifiedBusinessProcess.png>])
(texes/ChapterVersuchsvorbereitung/SectionMethodik/Messung.tex [20])
(texes/ChapterVersuchsvorbereitung/SectionMethodik/Analyse.tex)))
(texes/Chapter3.tex [21]
chapter 4.
(texes/ChapterVersuchsdurchfhrung/Systemberblick.tex
(texes/ChapterVersuchsdurchfhrung/Systemberblick/Services.tex
Overfull \hbox (10.97351pt too wide) in paragraph at lines 15--24
 [] 
 []

[22

])
(texes/ChapterVersuchsdurchfhrung/Systemberblick/LokaleTransaktionen.tex)
(texes/ChapterVersuchsdurchfhrung/Systemberblick/Kompensierungen.tex
[23])
(texes/ChapterVersuchsdurchfhrung/Systemberblick/FachlicheKontextabgrenzung
.tex [24] [25]) [26]
(texes/ChapterVersuchsdurchfhrung/Systemberblick/TechnischeKontextabgrenzun
g.tex
<figures/DatabaseER/ArticleServiceTables.png, id=423, 261.97874pt x 101.37875pt
>
File: figures/DatabaseER/ArticleServiceTables.png Graphic file (type png)
<use figures/DatabaseER/ArticleServiceTables.png>
Package pdftex.def Info: figures/DatabaseER/ArticleServiceTables.png  used on i
nput line 15.
(pdftex.def)             Requested size: 130.98904pt x 50.68924pt.
Package placeins Info: No floats held, on input line 18.
Package placeins Info: No floats held, on input line 35.
 [27
Package placeins Info: Float barrier, from input line 18, processed on page 27,
 lands on page 27. 
 <./figures/DatabaseER/ArticleServiceTables.png>]
<figures/DatabaseER/StockServiceTables.png, id=432, 753.81625pt x 362.35374pt>
File: figures/DatabaseER/StockServiceTables.png Graphic file (type png)
<use figures/DatabaseER/StockServiceTables.png>
Package pdftex.def Info: figures/DatabaseER/StockServiceTables.png  used on inp
ut line 44.
(pdftex.def)             Requested size: 376.90721pt x 181.17642pt.
Package placeins Info: No floats held, on input line 47.
 [28
Package placeins Info: Float barrier, from input line 35, processed on page 27,
 lands on page 28. 
Package placeins Info: Float barrier, from input line 47, processed on page 28,
 lands on page 28. 
 <./figures/DatabaseER/StockServiceTables.png>]
Underfull \hbox (badness 10000) in paragraph at lines 82--82
[]|\T1/ppl/m/n/12 (+20) /api/blocked-articles-
 []

Package placeins Info: No floats held, on input line 89.
<figures/DatabaseER/BankingServiceTables.png, id=446, 804.00375pt x 362.35374pt
>
File: figures/DatabaseER/BankingServiceTables.png Graphic file (type png)
<use figures/DatabaseER/BankingServiceTables.png>
Package pdftex.def Info: figures/DatabaseER/BankingServiceTables.png  used on i
nput line 97.
(pdftex.def)             Requested size: 402.0009pt x 181.17642pt.

LaTeX Warning: `!h' float specifier changed to `!ht'.

Package placeins Info: Must dump some floats on input line 100.
[29
Package placeins Info: Float barrier, from input line 89, processed on page 29,
 lands on page 29. 
Package placeins Info: Float barrier, from input line 100, processed on page 29
, lands on page 29. 
]
Package placeins Info: Check again: on input line 100.
Package placeins Info: No floats held, on input line 100.
Package placeins Info: No floats held, on input line 117.
) (texes/ChapterVersuchsdurchfhrung/Systemberblick/DeaDarstellung.tex
Overfull \hbox (2.86253pt too wide) in paragraph at lines 8--8
[]|\T1/ppl/m/n/12 (-20) Ergebnis| 
 []


Underfull \hbox (badness 10000) in paragraph at lines 32--32
[]|\T1/ppl/m/n/12 (+20) Get Ship-ment
 []


Overfull \hbox (23.37349pt too wide) in alignment at lines 6--36
 [] [] [] 
 []

[30
Package placeins Info: Float barrier, from input line 100, processed on page 30
, lands on page 30. 
Package placeins Info: Float barrier, from input line 117, processed on page 30
, lands on page 30. 
 <./figures/DatabaseER/BankingServiceTables.png>]
Package placeins Info: No floats held, on input line 38.

Overfull \hbox (2.86253pt too wide) in paragraph at lines 44--44
[]|\T1/ppl/m/n/12 (-20) Ergebnis| 
 []


Overfull \hbox (23.37349pt too wide) in alignment at lines 42--67
 [] [] [] 
 []

[31
Package placeins Info: Float barrier, from input line 38, processed on page 31,
 lands on page 31. 
]
Package placeins Info: No floats held, on input line 69.
)) (texes/ChapterVersuchsdurchfhrung/SEC.tex [32
Package placeins Info: Float barrier, from input line 69, processed on page 32,
 lands on page 32. 
]
Package hyperref Info: bookmark level for unknown lstlisting defaults to 0 on i
nput line 25.
 [33]
Package placeins Info: No floats held, on input line 83.

(C:\2_Programme\Office\latex\miktex\tex/latex/listings\lstlang1.sty
File: lstlang1.sty 2023/02/27 1.9 listings language file
) [34
Package placeins Info: Float barrier, from input line 83, processed on page 34,
 lands on page 34. 
]
[35] [36] [37] [38]
<figures/ChapterVersuchsdurchfhrung/sec_execution_flow.png, id=729, 818.05624
pt x 605.26125pt>
File: figures/ChapterVersuchsdurchfhrung/sec_execution_flow.png Graphic file 
(type png)
<use figures/ChapterVersuchsdurchfhrung/sec_execution_flow.png>
Package pdftex.def Info: figures/ChapterVersuchsdurchfhrung/sec_execution_flo
w.png  used on input line 309.
(pdftex.def)             Requested size: 455.24417pt x 336.82904pt.
Package placeins Info: No floats held, on input line 313.
)
(texes/ChapterVersuchsdurchfhrung/PlanungDerDatenerfassung.tex [39
Package placeins Info: Float barrier, from input line 313, processed on page 39
, lands on page 39. 
 <./figures/ChapterVersuchsdurchfhrung/sec_execution_flow.png (PNG copy)>]
<figures/ChapterVersuchsvorbereitung/TestSzenarien-0.png, id=738, 270.00874pt x
 213.79875pt>
File: figures/ChapterVersuchsvorbereitung/TestSzenarien-0.png Graphic file (typ
e png)
<use figures/ChapterVersuchsvorbereitung/TestSzenarien-0.png>
Package pdftex.def Info: figures/ChapterVersuchsvorbereitung/TestSzenarien-0.pn
g  used on input line 15.
(pdftex.def)             Requested size: 182.09488pt x 144.19048pt.
Package placeins Info: No floats held, on input line 19.
<figures/ChapterVersuchsvorbereitung/TestSzenarien-1.png, id=739, 270.00874pt x
 184.69pt>
File: figures/ChapterVersuchsvorbereitung/TestSzenarien-1.png Graphic file (typ
e png)
<use figures/ChapterVersuchsvorbereitung/TestSzenarien-1.png>
Package pdftex.def Info: figures/ChapterVersuchsvorbereitung/TestSzenarien-1.pn
g  used on input line 26.
(pdftex.def)             Requested size: 182.09488pt x 124.5589pt.
Package placeins Info: No floats held, on input line 30.
 [40
Package placeins Info: Float barrier, from input line 19, processed on page 40,
 lands on page 40. 
Package placeins Info: Float barrier, from input line 30, processed on page 40,
 lands on page 40. 
 <./figures/ChapterVersuchsvorbereitung/TestSzenarien-0.png (PNG copy)> <./figu
res/ChapterVersuchsvorbereitung/TestSzenarien-1.png (PNG copy)>]
<figures/ChapterVersuchsvorbereitung/TestSzenarien-2.png, id=748, 270.00874pt x
 214.8025pt>
File: figures/ChapterVersuchsvorbereitung/TestSzenarien-2.png Graphic file (typ
e png)
<use figures/ChapterVersuchsvorbereitung/TestSzenarien-2.png>
Package pdftex.def Info: figures/ChapterVersuchsvorbereitung/TestSzenarien-2.pn
g  used on input line 39.
(pdftex.def)             Requested size: 182.09488pt x 144.86743pt.
Package placeins Info: No floats held, on input line 43.

Overfull \hbox (3.06725pt too wide) in paragraph at lines 58--58
[]|\T1/ppl/m/n/12 (-20) OrderService| 
 []


Underfull \hbox (badness 5446) in paragraph at lines 58--58
[]|\T1/ppl/m/n/12 (+20) Platzieren ei-ner
 []


Overfull \hbox (3.06725pt too wide) in paragraph at lines 60--60
[]|\T1/ppl/m/n/12 (-20) OrderService| 
 []

Package placeins Info: No floats held, on input line 63.
[41
Package placeins Info: Float barrier, from input line 43, processed on page 41,
 lands on page 41. 
Package placeins Info: Float barrier, from input line 63, processed on page 41,
 lands on page 41. 
 <./figures/ChapterVersuchsvorbereitung/TestSzenarien-2.png (PNG copy)>]
[42]
Underfull \hbox (badness 10000) in paragraph at lines 126--126
[]|\T1/ppl/m/n/12 (+20) failedWithCompensation-
 []


Overfull \hbox (7.73897pt too wide) in paragraph at lines 127--127
[]|\T1/ppl/m/n/12 (-20) failedWithoutCompensation-
 []


Underfull \hbox (badness 10000) in paragraph at lines 129--129
[]|\T1/ppl/m/n/12 (+20) containsAllExpectedLogs-
 []


Underfull \hbox (badness 10000) in paragraph at lines 130--130
[]|\T1/ppl/m/n/12 (+20) isSuccessfullTestInstance-
 []


Overfull \hbox (53.65265pt too wide) in alignment at lines 119--131
 [] [] 
 []

Package placeins Info: No floats held, on input line 133.
[43
Package placeins Info: Float barrier, from input line 133, processed on page 43
, lands on page 43. 
]
Underfull \hbox (badness 10000) in paragraph at lines 145--145
[]|\T1/ppl/m/n/12 (+20) diffRemoveMoney-
 []


Underfull \hbox (badness 10000) in paragraph at lines 147--147
[]|\T1/ppl/m/n/12 (+20) diffRemoveMoney-
 []


Underfull \hbox (badness 10000) in paragraph at lines 148--148
[]|\T1/ppl/m/n/12 (+20) diffAddMoney-
 []


Underfull \hbox (badness 10000) in paragraph at lines 149--149
[]|\T1/ppl/m/n/12 (+20) diffBlockArticles-
 []


Underfull \hbox (badness 10000) in paragraph at lines 150--150
[]|\T1/ppl/m/n/12 (+20) diffStartShipment-
 []


Underfull \hbox (badness 10000) in paragraph at lines 151--151
[]|\T1/ppl/m/n/12 (+20) diffBlockArticles-
 []


Underfull \hbox (badness 10000) in paragraph at lines 152--152
[]|\T1/ppl/m/n/12 (+20) diffStartShipment-
 []


Overfull \hbox (53.65265pt too wide) in alignment at lines 142--154
 [] [] 
 []

Package placeins Info: No floats held, on input line 156.

Overfull \hbox (53.65265pt too wide) in alignment at lines 162--171
 [] [] 
 []

Package placeins Info: No floats held, on input line 173.
) (texes/ChapterVersuchsdurchfhrung/Implementierung1.tex [44
Package placeins Info: Float barrier, from input line 156, processed on page 44
, lands on page 44. 
Package placeins Info: Float barrier, from input line 173, processed on page 44
, lands on page 44. 
]
Package placeins Info: No floats held, on input line 23.
<figures/ChapterVersuchsdurchfhrung/sm_basic.jpg, id=799, 1865.97125pt x 564.
1075pt>
File: figures/ChapterVersuchsdurchfhrung/sm_basic.jpg Graphic file (type jpg)

<use figures/ChapterVersuchsdurchfhrung/sm_basic.jpg>
Package pdftex.def Info: figures/ChapterVersuchsdurchfhrung/sm_basic.jpg  use
d on input line 29.
(pdftex.def)             Requested size: 455.24417pt x 137.62653pt.
Package placeins Info: No floats held, on input line 33.

Underfull \hbox (badness 10000) in paragraph at lines 51--51
[]|\T1/ppl/m/n/9 (+20) failedWithCompensation-
 []


Underfull \hbox (badness 10000) in paragraph at lines 52--52
[]|\T1/ppl/m/n/9 (+20) failedWithoutCompensation-
 []


Underfull \hbox (badness 10000) in paragraph at lines 54--54
[]|\T1/ppl/m/n/9 (+20) containsAllExpectedLogs-
 []


Underfull \hbox (badness 10000) in paragraph at lines 55--55
[]|\T1/ppl/m/n/9 (+20) isSuccessfullTestInstance-
 []

[45
Package placeins Info: Float barrier, from input line 23, processed on page 45,
 lands on page 45. 
Package placeins Info: Float barrier, from input line 33, processed on page 45,
 lands on page 45. 
 <./figures/ChapterVersuchsdurchfhrung/sm_basic.jpg>]
Package placeins Info: No floats held, on input line 58.
Package placeins Info: No floats held, on input line 88.


LaTeX Warning: Reference `tab:smbasic_stateanalysisresult_cancelorders' on page
 1 undefined on input line 91.

[46
Package placeins Info: Float barrier, from input line 58, processed on page 46,
 lands on page 46. 
Package placeins Info: Float barrier, from input line 88, processed on page 46,
 lands on page 46. 
]
Underfull \hbox (badness 10000) in paragraph at lines 104--104
[]|\T1/ppl/m/n/9 (+20) failedWithCompensation-
 []


Underfull \hbox (badness 10000) in paragraph at lines 105--105
[]|\T1/ppl/m/n/9 (+20) failedWithoutCompensation-
 []


Underfull \hbox (badness 10000) in paragraph at lines 107--107
[]|\T1/ppl/m/n/9 (+20) containsAllExpectedLogs-
 []


Underfull \hbox (badness 10000) in paragraph at lines 108--108
[]|\T1/ppl/m/n/9 (+20) isSuccessfullTestInstance-
 []

Package placeins Info: No floats held, on input line 111.
Package placeins Info: No floats held, on input line 144.
[47
Package placeins Info: Float barrier, from input line 111, processed on page 47
, lands on page 47. 
Package placeins Info: Float barrier, from input line 144, processed on page 47
, lands on page 47. 
]
Package placeins Info: No floats held, on input line 161.
Package placeins Info: No floats held, on input line 189.
) (texes/ChapterVersuchsdurchfhrung/Implementierung2.tex [48
Package placeins Info: Float barrier, from input line 161, processed on page 48
, lands on page 48. 
Package placeins Info: Float barrier, from input line 189, processed on page 48
, lands on page 48. 
]
<figures/ChapterVersuchsdurchfhrung/sm_basic_safe_retries.jpg, id=834, 1865.9
7125pt x 604.2575pt>
File: figures/ChapterVersuchsdurchfhrung/sm_basic_safe_retries.jpg Graphic fi
le (type jpg)
<use figures/ChapterVersuchsdurchfhrung/sm_basic_safe_retries.jpg>
Package pdftex.def Info: figures/ChapterVersuchsdurchfhrung/sm_basic_safe_ret
ries.jpg  used on input line 20.
(pdftex.def)             Requested size: 455.24417pt x 147.42201pt.
Package placeins Info: No floats held, on input line 24.

Underfull \hbox (badness 10000) in paragraph at lines 42--42
[]|\T1/ppl/m/n/9 (+20) failedWithCompensation-
 []


Underfull \hbox (badness 10000) in paragraph at lines 43--43
[]|\T1/ppl/m/n/9 (+20) failedWithoutCompensation-
 []


Underfull \hbox (badness 10000) in paragraph at lines 45--45
[]|\T1/ppl/m/n/9 (+20) containsAllExpectedLogs-
 []


Underfull \hbox (badness 10000) in paragraph at lines 46--46
[]|\T1/ppl/m/n/9 (+20) isSuccessfullTestInstance-
 []

[49
Package placeins Info: Float barrier, from input line 24, processed on page 49,
 lands on page 49. 
 <./figures/ChapterVersuchsdurchfhrung/sm_basic_safe_retries.jpg>]
Package placeins Info: No floats held, on input line 49.

Underfull \hbox (badness 10000) in paragraph at lines 63--63
[]|\T1/ppl/m/n/9 (+20) failedWithCompensation-
 []


Underfull \hbox (badness 10000) in paragraph at lines 64--64
[]|\T1/ppl/m/n/9 (+20) failedWithoutCompensation-
 []


Underfull \hbox (badness 10000) in paragraph at lines 66--66
[]|\T1/ppl/m/n/9 (+20) containsAllExpectedLogs-
 []


Underfull \hbox (badness 10000) in paragraph at lines 67--67
[]|\T1/ppl/m/n/9 (+20) isSuccessfullTestInstance-
 []

Package placeins Info: No floats held, on input line 70.
[50
Package placeins Info: Float barrier, from input line 49, processed on page 50,
 lands on page 50. 
Package placeins Info: Float barrier, from input line 70, processed on page 50,
 lands on page 50. 
]
Package placeins Info: No floats held, on input line 89.
) (texes/ChapterVersuchsdurchfhrung/Implementierung3.tex
<figures/ChapterVersuchsdurchfhrung/sm_basic_unlimited_retries.jpg, id=854, 1
865.97125pt x 604.2575pt>
File: figures/ChapterVersuchsdurchfhrung/sm_basic_unlimited_retries.jpg Graph
ic file (type jpg)
<use figures/ChapterVersuchsdurchfhrung/sm_basic_unlimited_retries.jpg>
Package pdftex.def Info: figures/ChapterVersuchsdurchfhrung/sm_basic_unlimite
d_retries.jpg  used on input line 7.
(pdftex.def)             Requested size: 455.24417pt x 147.42201pt.
Package placeins Info: No floats held, on input line 11.

Underfull \hbox (badness 10000) in paragraph at lines 30--30
[]|\T1/ppl/m/n/9 (+20) failedWithCompensation-
 []


Underfull \hbox (badness 10000) in paragraph at lines 31--31
[]|\T1/ppl/m/n/9 (+20) failedWithoutCompensation-
 []


Underfull \hbox (badness 10000) in paragraph at lines 33--33
[]|\T1/ppl/m/n/9 (+20) containsAllExpectedLogs-
 []


Underfull \hbox (badness 10000) in paragraph at lines 34--34
[]|\T1/ppl/m/n/9 (+20) isSuccessfullTestInstance-
 []

[51
Package placeins Info: Float barrier, from input line 89, processed on page 51,
 lands on page 51. 
Package placeins Info: Float barrier, from input line 11, processed on page 51,
 lands on page 51. 
 <./figures/ChapterVersuchsdurchfhrung/sm_basic_unlimited_retries.jpg>]
Package placeins Info: No floats held, on input line 37.

Underfull \hbox (badness 10000) in paragraph at lines 52--52
[]|\T1/ppl/m/n/9 (+20) failedWithCompensation-
 []


Underfull \hbox (badness 10000) in paragraph at lines 53--53
[]|\T1/ppl/m/n/9 (+20) failedWithoutCompensation-
 []


Underfull \hbox (badness 10000) in paragraph at lines 55--55
[]|\T1/ppl/m/n/9 (+20) containsAllExpectedLogs-
 []


Underfull \hbox (badness 10000) in paragraph at lines 56--56
[]|\T1/ppl/m/n/9 (+20) isSuccessfullTestInstance-
 []

Package placeins Info: No floats held, on input line 59.
Package placeins Info: No floats held, on input line 76.
) (texes/ChapterVersuchsdurchfhrung/Wiederholbarkeitsproblem.tex [52
Package placeins Info: Float barrier, from input line 37, processed on page 52,
 lands on page 52. 
Package placeins Info: Float barrier, from input line 59, processed on page 52,
 lands on page 52. 
Package placeins Info: Float barrier, from input line 76, processed on page 52,
 lands on page 52. 
])
(texes/ChapterVersuchsdurchfhrung/Implementierung4.tex
<figures/ChapterVersuchsdurchfhrung/SmIdempotencyBackwardRecovery-0.png, id=8
72, 287.0725pt x 282.05376pt>
File: figures/ChapterVersuchsdurchfhrung/SmIdempotencyBackwardRecovery-0.png 
Graphic file (type png)
<use figures/ChapterVersuchsdurchfhrung/SmIdempotencyBackwardRecovery-0.png>
Package pdftex.def Info: figures/ChapterVersuchsdurchfhrung/SmIdempotencyBack
wardRecovery-0.png  used on input line 6.
(pdftex.def)             Requested size: 136.57463pt x 134.1878pt.


LaTeX Warning: `!h' float specifier changed to `!ht'.

Package placeins Info: Must dump some floats on input line 11.
[53
Package placeins Info: Float barrier, from input line 11, processed on page 53,
 lands on page 53. 
]
Package placeins Info: Check again: on input line 11.
Package placeins Info: No floats held, on input line 11.
<figures/ChapterVersuchsdurchfhrung/SmIdempotencyBackwardRecovery-1.png, id=8
81, 287.0725pt x 315.1775pt>
File: figures/ChapterVersuchsdurchfhrung/SmIdempotencyBackwardRecovery-1.png 
Graphic file (type png)
<use figures/ChapterVersuchsdurchfhrung/SmIdempotencyBackwardRecovery-1.png>
Package pdftex.def Info: figures/ChapterVersuchsdurchfhrung/SmIdempotencyBack
wardRecovery-1.png  used on input line 14.
(pdftex.def)             Requested size: 136.57463pt x 149.94652pt.
Package placeins Info: No floats held, on input line 18.
<figures/ChapterVersuchsdurchfhrung/sm_idempotency_backward_recovery.jpg, id=
883, 1865.97125pt x 604.2575pt>
File: figures/ChapterVersuchsdurchfhrung/sm_idempotency_backward_recovery.jpg
 Graphic file (type jpg)
<use figures/ChapterVersuchsdurchfhrung/sm_idempotency_backward_recovery.jpg>

Package pdftex.def Info: figures/ChapterVersuchsdurchfhrung/sm_idempotency_ba
ckward_recovery.jpg  used on input line 33.
(pdftex.def)             Requested size: 455.24417pt x 147.42201pt.


LaTeX Warning: `!h' float specifier changed to `!ht'.

Package placeins Info: Must dump some floats on input line 37.
[54
Package placeins Info: Float barrier, from input line 11, processed on page 54,
 lands on page 54. 
Package placeins Info: Float barrier, from input line 18, processed on page 54,
 lands on page 54. 
Package placeins Info: Float barrier, from input line 37, processed on page 54,
 lands on page 54. 
 <./figures/ChapterVersuchsdurchfhrung/SmIdempotencyBackwardRecovery-0.png (P
NG copy)> <./figures/ChapterVersuchsdurchfhrung/SmIdempotencyBackwardRecovery
-1.png (PNG copy)>]
Package placeins Info: Check again: on input line 37.
Package placeins Info: No floats held, on input line 37.

Underfull \hbox (badness 10000) in paragraph at lines 56--56
[]|\T1/ppl/m/n/9 (+20) failedWithCompensation-
 []


Underfull \hbox (badness 10000) in paragraph at lines 57--57
[]|\T1/ppl/m/n/9 (+20) failedWithoutCompensation-
 []


Underfull \hbox (badness 10000) in paragraph at lines 59--59
[]|\T1/ppl/m/n/9 (+20) containsAllExpectedLogs-
 []


Underfull \hbox (badness 10000) in paragraph at lines 60--60
[]|\T1/ppl/m/n/9 (+20) isSuccessfullTestInstance-
 []

Package placeins Info: No floats held, on input line 63.

Underfull \hbox (badness 10000) in paragraph at lines 78--78
[]|\T1/ppl/m/n/9 (+20) failedWithCompensation-
 []


Underfull \hbox (badness 10000) in paragraph at lines 79--79
[]|\T1/ppl/m/n/9 (+20) failedWithoutCompensation-
 []


Underfull \hbox (badness 10000) in paragraph at lines 81--81
[]|\T1/ppl/m/n/9 (+20) containsAllExpectedLogs-
 []


Underfull \hbox (badness 10000) in paragraph at lines 82--82
[]|\T1/ppl/m/n/9 (+20) isSuccessfullTestInstance-
 []

[55
Package placeins Info: Float barrier, from input line 37, processed on page 55,
 lands on page 55. 
Package placeins Info: Float barrier, from input line 63, processed on page 55,
 lands on page 55. 
 <./figures/ChapterVersuchsdurchfhrung/sm_idempotency_backward_recovery.jpg>]
Package placeins Info: No floats held, on input line 85.
Package placeins Info: No floats held, on input line 102.


LaTeX Warning: Reference `fig:fig' on page 1 undefined on input line 106.

[56
Package placeins Info: Float barrier, from input line 85, processed on page 56,
 lands on page 56. 
Package placeins Info: Float barrier, from input line 102, processed on page 56
, lands on page 56. 
]
Package placeins Info: No floats held, on input line 139.
 (C:\2_Programme\Office\latex\miktex\tex/latex/listings\lstlang1.sty
File: lstlang1.sty 2023/02/27 1.9 listings language file
)
[57
Package placeins Info: Float barrier, from input line 139, processed on page 57
, lands on page 57. 
] [58]
Package placeins Info: No floats held, on input line 238.
) (texes/ChapterVersuchsdurchfhrung/Implementierung5.tex
<figures/ChapterVersuchsdurchfhrung/sm_idempotency_forward_recovery.jpg, id=9
59, 1865.97125pt x 604.2575pt>
File: figures/ChapterVersuchsdurchfhrung/sm_idempotency_forward_recovery.jpg 
Graphic file (type jpg)
<use figures/ChapterVersuchsdurchfhrung/sm_idempotency_forward_recovery.jpg>
Package pdftex.def Info: figures/ChapterVersuchsdurchfhrung/sm_idempotency_fo
rward_recovery.jpg  used on input line 11.
(pdftex.def)             Requested size: 455.24417pt x 147.42201pt.


LaTeX Warning: `!h' float specifier changed to `!ht'.

Package placeins Info: Must dump some floats on input line 15.
[59
Package placeins Info: Float barrier, from input line 238, processed on page 59
, lands on page 59. 
Package placeins Info: Float barrier, from input line 15, processed on page 59,
 lands on page 59. 
]
Package placeins Info: Check again: on input line 15.
Package placeins Info: No floats held, on input line 15.

Underfull \hbox (badness 10000) in paragraph at lines 34--34
[]|\T1/ppl/m/n/9 (+20) failedWithCompensation-
 []


Underfull \hbox (badness 10000) in paragraph at lines 35--35
[]|\T1/ppl/m/n/9 (+20) failedWithoutCompensation-
 []


Underfull \hbox (badness 10000) in paragraph at lines 37--37
[]|\T1/ppl/m/n/9 (+20) containsAllExpectedLogs-
 []


Underfull \hbox (badness 10000) in paragraph at lines 38--38
[]|\T1/ppl/m/n/9 (+20) isSuccessfullTestInstance-
 []

Package placeins Info: No floats held, on input line 41.

Underfull \hbox (badness 10000) in paragraph at lines 56--56
[]|\T1/ppl/m/n/9 (+20) failedWithCompensation-
 []


Underfull \hbox (badness 10000) in paragraph at lines 57--57
[]|\T1/ppl/m/n/9 (+20) failedWithoutCompensation-
 []


Underfull \hbox (badness 10000) in paragraph at lines 59--59
[]|\T1/ppl/m/n/9 (+20) containsAllExpectedLogs-
 []


Underfull \hbox (badness 10000) in paragraph at lines 60--60
[]|\T1/ppl/m/n/9 (+20) isSuccessfullTestInstance-
 []

[60
Package placeins Info: Float barrier, from input line 15, processed on page 60,
 lands on page 60. 
Package placeins Info: Float barrier, from input line 41, processed on page 60,
 lands on page 60. 
 <./figures/ChapterVersuchsdurchfhrung/sm_idempotency_forward_recovery.jpg>]
Package placeins Info: No floats held, on input line 63.
Package placeins Info: No floats held, on input line 80.
) (texes/ChapterVersuchsdurchfhrung/Laufzeitanalyse.tex
Package placeins Info: No floats held, on input line 16.

(texes/ChapterVersuchsdurchfhrung/Laufzeitanalyse/FinishOrders_Scenario1.tex)

Underfull \hbox (badness 10000) in paragraph at lines 26--25

 []

(texes/ChapterVersuchsdurchfhrung/Laufzeitanalyse/CancelOrders_Scenario1.tex)

Underfull \hbox (badness 10000) in paragraph at lines 26--30

 []

Package placeins Info: Must dump some floats on input line 34.
[61
Package placeins Info: Float barrier, from input line 63, processed on page 61,
 lands on page 61. 
Package placeins Info: Float barrier, from input line 80, processed on page 61,
 lands on page 61. 
Package placeins Info: Float barrier, from input line 16, processed on page 61,
 lands on page 61. 
Package placeins Info: Float barrier, from input line 34, processed on page 61,
 lands on page 61. 
]
Package placeins Info: Check again: on input line 34.
Package placeins Info: No floats held, on input line 34.

(texes/ChapterVersuchsdurchfhrung/Laufzeitanalyse/FinishOrders_Scenario2.tex)

Underfull \hbox (badness 10000) in paragraph at lines 25--41

 []

(texes/ChapterVersuchsdurchfhrung/Laufzeitanalyse/CancelOrders_Scenario2.tex)

Underfull \hbox (badness 10000) in paragraph at lines 26--46

 []

Package placeins Info: No floats held, on input line 50.
(texes/ChapterVersuchsdurchfhrung/Laufzeitanalyse/FinishOrders_Scenario3.tex)

Underfull \hbox (badness 10000) in paragraph at lines 25--57

 []

(texes/ChapterVersuchsdurchfhrung/Laufzeitanalyse/CancelOrders_Scenario3.tex)

Underfull \hbox (badness 10000) in paragraph at lines 25--62

 []

)) (texes/Chapter4.tex [62
Package placeins Info: Float barrier, from input line 34, processed on page 62,
 lands on page 62. 
Package placeins Info: Float barrier, from input line 50, processed on page 62,
 lands on page 62. 
] [63]
chapter 5.
[64

]
\openout2 = `texes/ChapterFazit/Versuchsergebnisse.aux'.

 (texes/ChapterFazit/Versuchsergebnisse.tex) [65

]
\openout2 = `texes/ChapterFazit/WissenschaftlicheBerhrungspunkte.aux'.


(texes/ChapterFazit/WissenschaftlicheBerhrungspunkte.tex) [66



])
(texes/Chapter5.tex
chapter 6.
) [1



]
Package tocbasic Info: character protrusion at lof deactivated on input line 97
.
 (Masterarbeit.lof)
\tf@lof=\write7
\openout7 = `Masterarbeit.lof'.

 [2

] [3

] (Masterarbeit.aux
(texes/ChapterFazit/Versuchsergebnisse.aux)
(texes/ChapterFazit/WissenschaftlicheBerhrungspunkte.aux))

LaTeX Warning: There were undefined references.


LaTeX Warning: There were multiply-defined labels.

Package rerunfilecheck Info: File `Masterarbeit.out' has not changed.
(rerunfilecheck)             Checksum: D41D8CD98F00B204E9800998ECF8427E;0.
Package logreq Info: Writing requests to 'Masterarbeit.run.xml'.
\openout1 = `Masterarbeit.run.xml'.

 ) 
Here is how much of TeX's memory you used:
 55567 strings out of 476331
 1271462 string characters out of 5792454
 2628612 words of memory out of 5000000
 74026 multiletter control sequences out of 15000+600000
 587445 words of font info for 352 fonts, out of 8000000 for 9000
 1143 hyphenation exceptions out of 8191
 108i,13n,106p,10909b,2504s stack positions out of 10000i,1000n,20000p,200000b,200000s
<C:/2_Programme/Office/latex/miktex/fonts/type1/public/amsfonts/cm/cmex10.pfb
><C:/2_Programme/Office/latex/miktex/fonts/type1/public/amsfonts/cm/cmmi10.pfb>
<C:/2_Programme/Office/latex/miktex/fonts/type1/public/amsfonts/cm/cmr10.pfb><C
:/2_Programme/Office/latex/miktex/fonts/type1/public/amsfonts/cm/cmsy10.pfb><C:
/2_Programme/Office/latex/miktex/fonts/type1/public/mathpazo/fplmbb.pfb><C:/2_P
rogramme/Office/latex/miktex/fonts/type1/public/mathpazo/fplmr.pfb><C:/2_Progra
mme/Office/latex/miktex/fonts/type1/public/mathpazo/fplmri.pfb><C:/2_Programme/
Office/latex/miktex/fonts/type1/public/lm/lmss12.pfb><C:/2_Programme/Office/lat
ex/miktex/fonts/type1/public/lm/lmssbx10.pfb><C:/2_Programme/Office/latex/mikte
x/fonts/type1/urw/palatino/uplb8a.pfb><C:/2_Programme/Office/latex/miktex/fonts
/type1/urw/palatino/uplr8a.pfb><C:/2_Programme/Office/latex/miktex/fonts/type1/
urw/palatino/uplri8a.pfb>
Output written on Masterarbeit.pdf (74 pages, 1329717 bytes).
PDF statistics:
 1559 PDF objects out of 1728 (max. 8388607)
 614 named destinations out of 1000 (max. 500000)
 90549 words of extra memory for PDF output out of 106986 (max. 10000000)

